; string table

00:29E4  41 F9  LEA     ($0006574E),A0           A0=00FF8256 A1=000027FE A2=00C00004 A3=00C00000 A4=00FF4080 A5=00C00000 A6=000029DA A7=FFFFFFF8 D0=7E000002 D1=00000027 D2=0000FFFF D3=0000FFFF D4=00000000 D5=00800000 D6=00000460 D7=0000FFFF xnzvc
00:29EA  4E B9  JSR     ($0000B8F8)              A0=0006574E A1=000027FE A2=00C00004 A3=00C00000 A4=00FF4080 A5=00C00000 A6=000029DA A7=FFFFFFF8 D0=7E000002 D1=00000027 D2=0000FFFF D3=0000FFFF D4=00000000 D5=00800000 D6=00000460 D7=0000FFFF xnzvc

00:29F0  46 FC  MOVE    #$2300,SR                A0=00065758 A1=000658E6 A2=00C00004 A3=00C00000 A4=00FF4080 A5=00C00000 A6=000029DA A7=FFFFFFF8 D0=7C100002 D1=00000017 D2=0000FFFF D3=00008000 D4=EC43FFFF D5=00808087 D6=000000FF D7=00800000 xnzvc
00:29F4  41 F9  LEA     ($00022102),A0           A0=00065758 A1=000658E6 A2=00C00004 A3=00C00000 A4=00FF4080 A5=00C00000 A6=000029DA A7=FFFFFFF8 D0=7C100002 D1=00000017 D2=0000FFFF D3=00008000 D4=EC43FFFF D5=00808087 D6=000000FF D7=00800000 xnzvc
00:29FA  43 F9  LEA     ($0002201C),A1           A0=00022102 A1=000658E6 A2=00C00004 A3=00C00000 A4=00FF4080 A5=00C00000 A6=000029DA A7=FFFFFFF8 D0=7C100002 D1=00000017 D2=0000FFFF D3=00008000 D4=EC43FFFF D5=00808087 D6=000000FF D7=00800000 xnzvc
00:2A00  4E F9  JMP     ($00000CA0)              A0=00022102 A1=0002201C A2=00C00004 A3=00C00000 A4=00FF4080 A5=00C00000 A6=000029DA A7=FFFFFFF8 D0=7C100002 D1=00000017 D2=0000FFFF D3=00008000 D4=EC43FFFF D5=00808087 D6=000000FF D7=00800000 xnzvc

; ===============================================================================
; *******************************************************************************
; *******************************************************************************
; ===============================================================================

; ptr-32 / vram-16 / width / height

00:B8F8  22 58  MOVE.l  (A0)+,A1                 A0=0006574E A1=000027FE A2=00C00004 A3=00C00000 A4=00FF4080 A5=00C00000 A6=000029DA A7=FFFFFFF4 D0=7E000002 D1=00000027 D2=0000FFFF D3=0000FFFF D4=00000000 D5=00800000 D6=00000460 D7=0000FFFF xnzvc
00:B8FA  34 58  MOVE.w  (A0)+,A2                 A0=00065752 A1=000658B6 A2=00C00004 A3=00C00000 A4=00FF4080 A5=00C00000 A6=000029DA A7=FFFFFFF4 D0=7E000002 D1=00000027 D2=0000FFFF D3=0000FFFF D4=00000000 D5=00800000 D6=00000460 D7=0000FFFF xnzvc
00:B8FC  32 18  MOVE.w  (A0)+,D1                 A0=00065754 A1=000658B6 A2=FFFFBB10 A3=00C00000 A4=00FF4080 A5=00C00000 A6=000029DA A7=FFFFFFF4 D0=7E000002 D1=00000027 D2=0000FFFF D3=0000FFFF D4=00000000 D5=00800000 D6=00000460 D7=0000FFFF xnzvc
00:B8FE  34 18  MOVE.w  (A0)+,D2                 A0=00065756 A1=000658B6 A2=FFFFBB10 A3=00C00000 A4=00FF4080 A5=00C00000 A6=000029DA A7=FFFFFFF4 D0=7E000002 D1=00000018 D2=0000FFFF D3=0000FFFF D4=00000000 D5=00800000 D6=00000460 D7=0000FFFF xnzvc
00:B900  36 3C  MOVE.w  #$8000,D3                A0=00065758 A1=000658B6 A2=FFFFBB10 A3=00C00000 A4=00FF4080 A5=00C00000 A6=000029DA A7=FFFFFFF4 D0=7E000002 D1=00000018 D2=00000002 D3=0000FFFF D4=00000000 D5=00800000 D6=00000460 D7=0000FFFF xnzvc
00:B904  4E F9  JMP     ($000009A6)              A0=00065758 A1=000658B6 A2=FFFFBB10 A3=00C00000 A4=00FF4080 A5=00C00000 A6=000029DA A7=FFFFFFF4 D0=7E000002 D1=00000018 D2=00000002 D3=00008000 D4=00000000 D5=00800000 D6=00000460 D7=0000FFFF xNzvc

; ===============================================================================
; ###############################################################################
; ===============================================================================

00:09A6  20 0A  MOVE.l  A2,D0                    A0=00065758 A1=000658B6 A2=FFFFBB10 A3=00C00000 A4=00FF4080 A5=00C00000 A6=000029DA A7=FFFFFFF4 D0=7E000002 D1=00000018 D2=00000002 D3=00008000 D4=00000000 D5=00800000 D6=00000460 D7=0000FFFF xNzvc
00:09A8  28 0A  MOVE.l  A2,D4                    A0=00065758 A1=000658B6 A2=FFFFBB10 A3=00C00000 A4=00FF4080 A5=00C00000 A6=000029DA A7=FFFFFFF4 D0=FFFFBB10 D1=00000018 D2=00000002 D3=00008000 D4=00000000 D5=00800000 D6=00000460 D7=0000FFFF xNzvc
00:09AA  02 80  ANDI.L  #$00003FFF,D0            A0=00065758 A1=000658B6 A2=FFFFBB10 A3=00C00000 A4=00FF4080 A5=00C00000 A6=000029DA A7=FFFFFFF4 D0=FFFFBB10 D1=00000018 D2=00000002 D3=00008000 D4=FFFFBB10 D5=00800000 D6=00000460 D7=0000FFFF xNzvc
00:09B0  D0 7C  ADD.W   #$4000,D0                A0=00065758 A1=000658B6 A2=FFFFBB10 A3=00C00000 A4=00FF4080 A5=00C00000 A6=000029DA A7=FFFFFFF4 D0=00003B10 D1=00000018 D2=00000002 D3=00008000 D4=FFFFBB10 D5=00800000 D6=00000460 D7=0000FFFF xnzvc
00:09B4  48 40  SWAP.w  D0                       A0=00065758 A1=000658B6 A2=FFFFBB10 A3=00C00000 A4=00FF4080 A5=00C00000 A6=000029DA A7=FFFFFFF4 D0=00007B10 D1=00000018 D2=00000002 D3=00008000 D4=FFFFBB10 D5=00800000 D6=00000460 D7=0000FFFF xnzvc
00:09B6  E5 9C  ROL.L   #2,D4                    A0=00065758 A1=000658B6 A2=FFFFBB10 A3=00C00000 A4=00FF4080 A5=00C00000 A6=000029DA A7=FFFFFFF4 D0=7B100000 D1=00000018 D2=00000002 D3=00008000 D4=FFFFBB10 D5=00800000 D6=00000460 D7=0000FFFF xnzvc
00:09B8  48 44  SWAP.w  D4                       A0=00065758 A1=000658B6 A2=FFFFBB10 A3=00C00000 A4=00FF4080 A5=00C00000 A6=000029DA A7=FFFFFFF4 D0=7B100000 D1=00000018 D2=00000002 D3=00008000 D4=FFFEEC43 D5=00800000 D6=00000460 D7=0000FFFF xNzvC
00:09BA  02 44  ANDI.W  #$0003,D4                A0=00065758 A1=000658B6 A2=FFFFBB10 A3=00C00000 A4=00FF4080 A5=00C00000 A6=000029DA A7=FFFFFFF4 D0=7B100000 D1=00000018 D2=00000002 D3=00008000 D4=EC43FFFE D5=00800000 D6=00000460 D7=0000FFFF xNzvc
00:09BE  30 04  MOVE.w  D4,D0                    A0=00065758 A1=000658B6 A2=FFFFBB10 A3=00C00000 A4=00FF4080 A5=00C00000 A6=000029DA A7=FFFFFFF4 D0=7B100000 D1=00000018 D2=00000002 D3=00008000 D4=EC430002 D5=00800000 D6=00000460 D7=0000FFFF xnzvc
00:09C0  23 C0  MOVE.l  D0,($00C00004)           A0=00065758 A1=000658B6 A2=FFFFBB10 A3=00C00000 A4=00FF4080 A5=00C00000 A6=000029DA A7=FFFFFFF4 D0=7B100002 D1=00000018 D2=00000002 D3=00008000 D4=EC430002 D5=00800000 D6=00000460 D7=0000FFFF xnzvc
00:09C6  53 41  SUBQ.W  #1,D1                    A0=00065758 A1=000658B6 A2=FFFFBB10 A3=00C00000 A4=00FF4080 A5=00C00000 A6=000029DA A7=FFFFFFF4 D0=7B100002 D1=00000018 D2=00000002 D3=00008000 D4=EC430002 D5=00800000 D6=00000460 D7=0000FFFF xnzvc
00:09C8  53 42  SUBQ.W  #1,D2                    A0=00065758 A1=000658B6 A2=FFFFBB10 A3=00C00000 A4=00FF4080 A5=00C00000 A6=000029DA A7=FFFFFFF4 D0=7B100002 D1=00000017 D2=00000002 D3=00008000 D4=EC430002 D5=00800000 D6=00000460 D7=0000FFFF xnzvc
00:09CA  60 00  BRA     #$FFFFFD5A [00:0726]     A0=00065758 A1=000658B6 A2=FFFFBB10 A3=00C00000 A4=00FF4080 A5=00C00000 A6=000029DA A7=FFFFFFF4 D0=7B100002 D1=00000017 D2=00000001 D3=00008000 D4=EC430002 D5=00800000 D6=00000460 D7=0000FFFF xnzvc

; ===============================================================================
; ###############################################################################
; ===============================================================================

00:0726  45 F9  LEA     ($00C00004),A2           A0=00065758 A1=000658B6 A2=FFFFBB10 A3=00C00000 A4=00FF4080 A5=00C00000 A6=000029DA A7=FFFFFFF4 D0=7B100002 D1=00000017 D2=00000001 D3=00008000 D4=EC430002 D5=00800000 D6=00000460 D7=0000FFFF xnzvc
00:072C  47 F9  LEA     ($00C00000),A3           A0=00065758 A1=000658B6 A2=00C00004 A3=00C00000 A4=00FF4080 A5=00C00000 A6=000029DA A7=FFFFFFF4 D0=7B100002 D1=00000017 D2=00000001 D3=00008000 D4=EC430002 D5=00800000 D6=00000460 D7=0000FFFF xnzvc
00:0732  2E 3C  MOVE.l  #$00800000,D7            A0=00065758 A1=000658B6 A2=00C00004 A3=00C00000 A4=00FF4080 A5=00C00000 A6=000029DA A7=FFFFFFF4 D0=7B100002 D1=00000017 D2=00000001 D3=00008000 D4=EC430002 D5=00800000 D6=00000460 D7=0000FFFF xnzvc
00:0738  3C 3C  MOVE.w  #$00FF,D6                A0=00065758 A1=000658B6 A2=00C00004 A3=00C00000 A4=00FF4080 A5=00C00000 A6=000029DA A7=FFFFFFF4 D0=7B100002 D1=00000017 D2=00000001 D3=00008000 D4=EC430002 D5=00800000 D6=00000460 D7=00800000 xnzvc
00:073C  24 80  MOVE.l  D0,(A2)                  A0=00065758 A1=000658B6 A2=00C00004 A3=00C00000 A4=00FF4080 A5=00C00000 A6=000029DA A7=FFFFFFF4 D0=7B100002 D1=00000017 D2=00000001 D3=00008000 D4=EC430002 D5=00800000 D6=000000FF D7=00800000 xnzvc
00:073E  38 01  MOVE.w  D1,D4                    A0=00065758 A1=000658B6 A2=00C00004 A3=00C00000 A4=00FF4080 A5=00C00000 A6=000029DA A7=FFFFFFF4 D0=7B100002 D1=00000017 D2=00000001 D3=00008000 D4=EC430002 D5=00800000 D6=000000FF D7=00800000 xnzvc
00:0740  1A 19  MOVE.b  (A1)+,D5                 A0=00065758 A1=000658B6 A2=00C00004 A3=00C00000 A4=00FF4080 A5=00C00000 A6=000029DA A7=FFFFFFF4 D0=7B100002 D1=00000017 D2=00000001 D3=00008000 D4=EC430017 D5=00800000 D6=000000FF D7=00800000 xnzvc
00:0742  CA 46  AND.W   D6,D5                    A0=00065758 A1=000658B7 A2=00C00004 A3=00C00000 A4=00FF4080 A5=00C00000 A6=000029DA A7=FFFFFFF4 D0=7B100002 D1=00000017 D2=00000001 D3=00008000 D4=EC430017 D5=00800000 D6=000000FF D7=00800000 xnZvc
00:0744  DA 43  ADD.W   D3,D5                    A0=00065758 A1=000658B7 A2=00C00004 A3=00C00000 A4=00FF4080 A5=00C00000 A6=000029DA A7=FFFFFFF4 D0=7B100002 D1=00000017 D2=00000001 D3=00008000 D4=EC430017 D5=00800000 D6=000000FF D7=00800000 xnZvc
00:0746  36 85  MOVE.w  D5,(A3)                  A0=00065758 A1=000658B7 A2=00C00004 A3=00C00000 A4=00FF4080 A5=00C00000 A6=000029DA A7=FFFFFFF4 D0=7B100002 D1=00000017 D2=00000001 D3=00008000 D4=EC430017 D5=00808000 D6=000000FF D7=00800000 xNzvc
00:0748  51 CC  DBFa    D4,#$FFF6 [00:0740]      A0=00065758 A1=000658B7 A2=00C00004 A3=00C00000 A4=00FF4080 A5=00C00000 A6=000029DA A7=FFFFFFF4 D0=7B100002 D1=00000017 D2=00000001 D3=00008000 D4=EC430017 D5=00808000 D6=000000FF D7=00800000 xNzvc
00:074C  D0 87  ADD.L   D7,D0                    A0=00065758 A1=000658CE A2=00C00004 A3=00C00000 A4=00FF4080 A5=00C00000 A6=000029DA A7=FFFFFFF4 D0=7B100002 D1=00000017 D2=00000001 D3=00008000 D4=EC43FFFF D5=00808000 D6=000000FF D7=00800000 xNzvc
00:074E  51 CA  DBFa    D2,#$FFEC [00:073C]      A0=00065758 A1=000658CE A2=00C00004 A3=00C00000 A4=00FF4080 A5=00C00000 A6=000029DA A7=FFFFFFF4 D0=7B900002 D1=00000017 D2=00000001 D3=00008000 D4=EC43FFFF D5=00808000 D6=000000FF D7=00800000 xnzvc
00:0752  4E 75  RTS                              A0=00065758 A1=000658E6 A2=00C00004 A3=00C00000 A4=00FF4080 A5=00C00000 A6=000029DA A7=FFFFFFF4 D0=7C100002 D1=00000017 D2=0000FFFF D3=00008000 D4=EC43FFFF D5=00808087 D6=000000FF D7=00800000 xnzvc
