01:2DF4  43 F9  LEA     ($00FF0000),A1           A0=00FF8176 A1=00FF8D66 A2=00C00004 A3=00C00000 A4=00C00004 A5=0001167C A6=0001224E A7=FFFFFFF0 D0=00000070 D1=B958035C D2=0000214F D3=00000009 D4=F8000001 D5=00000000 D6=0000000A D7=00000013 xnzvc
01:2DFA  47 F9  LEA     ($00017ED4),A3           A0=00FF8176 A1=00FF0000 A2=00C00004 A3=00C00000 A4=00C00004 A5=0001167C A6=0001224E A7=FFFFFFF0 D0=00000070 D1=B958035C D2=0000214F D3=00000009 D4=F8000001 D5=00000000 D6=0000000A D7=00000013 xnzvc
01:2E00  3E 3C  MOVE.w  #$0045,D7                A0=00FF8176 A1=00FF0000 A2=00C00004 A3=00017ED4 A4=00C00004 A5=0001167C A6=0001224E A7=FFFFFFF0 D0=00000070 D1=B958035C D2=0000214F D3=00000009 D4=F8000001 D5=00000000 D6=0000000A D7=00000013 xnzvc
01:2E04  32 DB  MOVE.w  (A3)+,(A1)+              A0=00FF8176 A1=00FF0000 A2=00C00004 A3=00017ED4 A4=00C00004 A5=0001167C A6=0001224E A7=FFFFFFF0 D0=00000070 D1=B958035C D2=0000214F D3=00000009 D4=F8000001 D5=00000000 D6=0000000A D7=00000045 xnzvc
01:2E06  51 CF  DBFa    D7,#$FFFC [01:2E04]      A0=00FF8176 A1=00FF0002 A2=00C00004 A3=00017ED6 A4=00C00004 A5=0001167C A6=0001224E A7=FFFFFFF0 D0=00000070 D1=B958035C D2=0000214F D3=00000009 D4=F8000001 D5=00000000 D6=0000000A D7=00000045 xNzvc

01:2E0A  43 F9  LEA     ($0001805C),A1           A0=00FF8176 A1=00FF008C A2=00C00004 A3=00017F60 A4=00C00004 A5=0001167C A6=0001224E A7=FFFFFFF0 D0=00000070 D1=B958035C D2=0000214F D3=00000009 D4=F8000001 D5=00000000 D6=0000000A D7=0000FFFF xNzvc
01:2E10  30 39  MOVE.w  ($00FF8A48),D0           A0=00FF8176 A1=0001805C A2=00C00004 A3=00017F60 A4=00C00004 A5=0001167C A6=0001224E A7=FFFFFFF0 D0=00000070 D1=B958035C D2=0000214F D3=00000009 D4=F8000001 D5=00000000 D6=0000000A D7=0000FFFF xNzvc
01:2E16  57 40  SUBQ.W  #3,D0                    A0=00FF8176 A1=0001805C A2=00C00004 A3=00017F60 A4=00C00004 A5=0001167C A6=0001224E A7=FFFFFFF0 D0=00000005 D1=B958035C D2=0000214F D3=00000009 D4=F8000001 D5=00000000 D6=0000000A D7=0000FFFF xnzvc
01:2E18  E9 40  ASL.W   #4,D0                    A0=00FF8176 A1=0001805C A2=00C00004 A3=00017F60 A4=00C00004 A5=0001167C A6=0001224E A7=FFFFFFF0 D0=00000002 D1=B958035C D2=0000214F D3=00000009 D4=F8000001 D5=00000000 D6=0000000A D7=0000FFFF xnzvc
01:2E1A  D2 C0  ADDA.W  D0,A1                    A0=00FF8176 A1=0001805C A2=00C00004 A3=00017F60 A4=00C00004 A5=0001167C A6=0001224E A7=FFFFFFF0 D0=00000020 D1=B958035C D2=0000214F D3=00000009 D4=F8000001 D5=00000000 D6=0000000A D7=0000FFFF xnzvc
01:2E1C  72 08  MOVEQ   #$08,D1                  A0=00FF8176 A1=0001807C A2=00C00004 A3=00017F60 A4=00C00004 A5=0001167C A6=0001224E A7=FFFFFFF0 D0=00000020 D1=B958035C D2=0000214F D3=00000009 D4=F8000001 D5=00000000 D6=0000000A D7=0000FFFF xnzvc
01:2E1E  41 F9  LEA     ($00FF8D66),A0           A0=00FF8176 A1=0001807C A2=00C00004 A3=00017F60 A4=00C00004 A5=0001167C A6=0001224E A7=FFFFFFF0 D0=00000020 D1=00000008 D2=0000214F D3=00000009 D4=F8000001 D5=00000000 D6=0000000A D7=0000FFFF xnzvc
01:2E24  30 28  MOVE.w  $0024(A0),D0             A0=00FF8D66 A1=0001807C A2=00C00004 A3=00017F60 A4=00C00004 A5=0001167C A6=0001224E A7=FFFFFFF0 D0=00000020 D1=00000008 D2=0000214F D3=00000009 D4=F8000001 D5=00000000 D6=0000000A D7=0000FFFF xnzvc
01:2E28  55 40  SUBQ.W  #2,D0                    A0=00FF8D66 A1=0001807C A2=00C00004 A3=00017F60 A4=00C00004 A5=0001167C A6=0001224E A7=FFFFFFF0 D0=00000005 D1=00000008 D2=0000214F D3=00000009 D4=F8000001 D5=00000000 D6=0000000A D7=0000FFFF xnzvc
01:2E2A  0C 40  CMPI.W  #$000F,D0                A0=00FF8D66 A1=0001807C A2=00C00004 A3=00017F60 A4=00C00004 A5=0001167C A6=0001224E A7=FFFFFFF0 D0=00000003 D1=00000008 D2=0000214F D3=00000009 D4=F8000001 D5=00000000 D6=0000000A D7=0000FFFF xnzvc
01:2E2E  6A 00  BPL     #$0006 [01:2E36]         A0=00FF8D66 A1=0001807C A2=00C00004 A3=00017F60 A4=00C00004 A5=0001167C A6=0001224E A7=FFFFFFF0 D0=00000003 D1=00000008 D2=0000214F D3=00000009 D4=F8000001 D5=00000000 D6=0000000A D7=0000FFFF xNzvC

01:2E32  12 31  MOVE.b  $00(A1,D0),D1            A0=00FF8D66 A1=0001807C A2=00C00004 A3=00017F60 A4=00C00004 A5=0001167C A6=0001224E A7=FFFFFFF0 D0=00000003 D1=00000008 D2=0000214F D3=00000009 D4=F8000001 D5=00000000 D6=0000000A D7=0000FFFF xNzvC

; --------------------------------------------------------------------------

01:2E36  43 F9  LEA     ($00017F60),A1           A0=00FF8D66 A1=0001807C A2=00C00004 A3=00017F60 A4=00C00004 A5=0001167C A6=0001224E A7=FFFFFFF0 D0=00000003 D1=00000003 D2=0000214F D3=00000009 D4=F8000001 D5=00000000 D6=0000000A D7=0000FFFF xnzvc
01:2E3C  30 01  MOVE.w  D1,D0                    A0=00FF8D66 A1=00017F60 A2=00C00004 A3=00017F60 A4=00C00004 A5=0001167C A6=0001224E A7=FFFFFFF0 D0=00000003 D1=00000003 D2=0000214F D3=00000009 D4=F8000001 D5=00000000 D6=0000000A D7=0000FFFF xnzvc
01:2E3E  34 01  MOVE.w  D1,D2                    A0=00FF8D66 A1=00017F60 A2=00C00004 A3=00017F60 A4=00C00004 A5=0001167C A6=0001224E A7=FFFFFFF0 D0=00000003 D1=00000003 D2=0000214F D3=00000009 D4=F8000001 D5=00000000 D6=0000000A D7=0000FFFF xnzvc
01:2E40  E9 40  ASL.W   #4,D0                    A0=00FF8D66 A1=00017F60 A2=00C00004 A3=00017F60 A4=00C00004 A5=0001167C A6=0001224E A7=FFFFFFF0 D0=00000003 D1=00000003 D2=00000003 D3=00000009 D4=F8000001 D5=00000000 D6=0000000A D7=0000FFFF xnzvc
01:2E42  E7 41  ASL.W   #3,D1                    A0=00FF8D66 A1=00017F60 A2=00C00004 A3=00017F60 A4=00C00004 A5=0001167C A6=0001224E A7=FFFFFFF0 D0=00000030 D1=00000003 D2=00000003 D3=00000009 D4=F8000001 D5=00000000 D6=0000000A D7=0000FFFF xnzvc
01:2E44  E5 42  ASL.W   #2,D2                    A0=00FF8D66 A1=00017F60 A2=00C00004 A3=00017F60 A4=00C00004 A5=0001167C A6=0001224E A7=FFFFFFF0 D0=00000030 D1=00000018 D2=00000003 D3=00000009 D4=F8000001 D5=00000000 D6=0000000A D7=0000FFFF xnzvc
01:2E46  D2 42  ADD.W   D2,D1                    A0=00FF8D66 A1=00017F60 A2=00C00004 A3=00017F60 A4=00C00004 A5=0001167C A6=0001224E A7=FFFFFFF0 D0=00000030 D1=00000018 D2=0000000C D3=00000009 D4=F8000001 D5=00000000 D6=0000000A D7=0000FFFF xnzvc
01:2E48  D0 41  ADD.W   D1,D0                    A0=00FF8D66 A1=00017F60 A2=00C00004 A3=00017F60 A4=00C00004 A5=0001167C A6=0001224E A7=FFFFFFF0 D0=00000030 D1=00000024 D2=0000000C D3=00000009 D4=F8000001 D5=00000000 D6=0000000A D7=0000FFFF xnzvc
01:2E4A  D2 C0  ADDA.W  D0,A1                    A0=00FF8D66 A1=00017F60 A2=00C00004 A3=00017F60 A4=00C00004 A5=0001167C A6=0001224E A7=FFFFFFF0 D0=00000054 D1=00000024 D2=0000000C D3=00000009 D4=F8000001 D5=00000000 D6=0000000A D7=0000FFFF xnzvc

; --------------------------------------------------------------------------

; 7*4 bytes = 14 NT-16 tiles
; ex. BIRDIE

01:2E4C  45 F9  LEA     ($00FF0038),A2           A0=00FF8D66 A1=00017FB4 A2=00C00004 A3=00017F60 A4=00C00004 A5=0001167C A6=0001224E A7=FFFFFFF0 D0=00000054 D1=00000024 D2=0000000C D3=00000009 D4=F8000001 D5=00000000 D6=0000000A D7=0000FFFF xnzvc
01:2E52  24 D9  MOVE.l  (A1)+,(A2)+              A0=00FF8D66 A1=00017FB4 A2=00FF0038 A3=00017F60 A4=00C00004 A5=0001167C A6=0001224E A7=FFFFFFF0 D0=00000054 D1=00000024 D2=0000000C D3=00000009 D4=F8000001 D5=00000000 D6=0000000A D7=0000FFFF xnzvc
01:2E54  24 D9  MOVE.l  (A1)+,(A2)+              A0=00FF8D66 A1=00017FB8 A2=00FF003C A3=00017F60 A4=00C00004 A5=0001167C A6=0001224E A7=FFFFFFF0 D0=00000054 D1=00000024 D2=0000000C D3=00000009 D4=F8000001 D5=00000000 D6=0000000A D7=0000FFFF xNzvc
01:2E56  24 D9  MOVE.l  (A1)+,(A2)+              A0=00FF8D66 A1=00017FBC A2=00FF0040 A3=00017F60 A4=00C00004 A5=0001167C A6=0001224E A7=FFFFFFF0 D0=00000054 D1=00000024 D2=0000000C D3=00000009 D4=F8000001 D5=00000000 D6=0000000A D7=0000FFFF xNzvc
01:2E58  24 D9  MOVE.l  (A1)+,(A2)+              A0=00FF8D66 A1=00017FC0 A2=00FF0044 A3=00017F60 A4=00C00004 A5=0001167C A6=0001224E A7=FFFFFFF0 D0=00000054 D1=00000024 D2=0000000C D3=00000009 D4=F8000001 D5=00000000 D6=0000000A D7=0000FFFF xNzvc
01:2E5A  24 D9  MOVE.l  (A1)+,(A2)+              A0=00FF8D66 A1=00017FC4 A2=00FF0048 A3=00017F60 A4=00C00004 A5=0001167C A6=0001224E A7=FFFFFFF0 D0=00000054 D1=00000024 D2=0000000C D3=00000009 D4=F8000001 D5=00000000 D6=0000000A D7=0000FFFF xNzvc
01:2E5C  24 D9  MOVE.l  (A1)+,(A2)+              A0=00FF8D66 A1=00017FC8 A2=00FF004C A3=00017F60 A4=00C00004 A5=0001167C A6=0001224E A7=FFFFFFF0 D0=00000054 D1=00000024 D2=0000000C D3=00000009 D4=F8000001 D5=00000000 D6=0000000A D7=0000FFFF xNzvc
01:2E5E  24 D9  MOVE.l  (A1)+,(A2)+              A0=00FF8D66 A1=00017FCC A2=00FF0050 A3=00017F60 A4=00C00004 A5=0001167C A6=0001224E A7=FFFFFFF0 D0=00000054 D1=00000024 D2=0000000C D3=00000009 D4=F8000001 D5=00000000 D6=0000000A D7=0000FFFF xNzvc

; --------------------------------------------------------------------------

01:2E60  46 FC  MOVE    #$2700,SR                A0=00FF8D66 A1=00017FD0 A2=00FF0054 A3=00017F60 A4=00C00004 A5=0001167C A6=0001224E A7=FFFFFFF0 D0=00000054 D1=00000024 D2=0000000C D3=00000009 D4=F8000001 D5=00000000 D6=0000000A D7=0000FFFF xNzvc
01:2E64  43 F9  LEA     ($00FF0000),A1           A0=00FF8D66 A1=00017FD0 A2=00FF0054 A3=00017F60 A4=00C00004 A5=0001167C A6=0001224E A7=FFFFFFF0 D0=00000054 D1=00000024 D2=0000000C D3=00000009 D4=F8000001 D5=00000000 D6=0000000A D7=0000FFFF xNzvc
01:2E6A  20 3C  MOVE.l  #$421A0003,D0            A0=00FF8D66 A1=00FF0000 A2=00FF0054 A3=00017F60 A4=00C00004 A5=0001167C A6=0001224E A7=FFFFFFF0 D0=00000054 D1=00000024 D2=0000000C D3=00000009 D4=F8000001 D5=00000000 D6=0000000A D7=0000FFFF xnzvc
01:2E70  72 0D  MOVEQ   #$0D,D1                  A0=00FF8D66 A1=00FF0000 A2=00FF0054 A3=00017F60 A4=00C00004 A5=0001167C A6=0001224E A7=FFFFFFF0 D0=421A0003 D1=00000024 D2=0000000C D3=00000009 D4=F8000001 D5=00000000 D6=0000000A D7=0000FFFF xnzvc
01:2E72  74 04  MOVEQ   #$04,D2                  A0=00FF8D66 A1=00FF0000 A2=00FF0054 A3=00017F60 A4=00C00004 A5=0001167C A6=0001224E A7=FFFFFFF0 D0=421A0003 D1=0000000D D2=0000000C D3=00000009 D4=F8000001 D5=00000000 D6=0000000A D7=0000FFFF xnzvc
01:2E74  4E B9  JSR     ($0000060C)              A0=00FF8D66 A1=00FF0000 A2=00FF0054 A3=00017F60 A4=00C00004 A5=0001167C A6=0001224E A7=FFFFFFF0 D0=421A0003 D1=0000000D D2=00000004 D3=00000009 D4=F8000001 D5=00000000 D6=0000000A D7=0000FFFF xnzvc

01:2E7A  46 FC  MOVE    #$2300,SR                A0=00FF8D66 A1=00FF008C A2=00C00004 A3=00C00000 A4=00C00004 A5=0001167C A6=0001224E A7=FFFFFFF0 D0=449A0003 D1=0000000D D2=0000FFFF D3=00000009 D4=F800FFFF D5=00000000 D6=0000000A D7=00800000 xnzvc
01:2E7E  4E 75  RTS                              A0=00FF8D66 A1=00FF008C A2=00C00004 A3=00C00000 A4=00C00004 A5=0001167C A6=0001224E A7=FFFFFFF0 D0=449A0003 D1=0000000D D2=0000FFFF D3=00000009 D4=F800FFFF D5=00000000 D6=0000000A D7=00800000 xnzvc
