00:AFE0  60 00  BRA     #$0126 [00:B108]         A0=0001B954 A1=00FF89FE A2=00FF8076 A3=00FF8342 A4=00FF807A A5=00FF806E A6=0000A4A0 A7=FFFFFFFC D0=000000E4 D1=00000014 D2=00000002 D3=000000E4 D4=AC93E400 D5=000000E4 D6=00000000 D7=00000047 xnzvc


00:B108  06 79  ADDI.W  #$8000,($00FF8328)       A0=0001B954 A1=00FF89FE A2=00FF8076 A3=00FF8342 A4=00FF807A A5=00FF806E A6=0000A4A0 A7=FFFFFFFC D0=000000E4 D1=00000014 D2=00000002 D3=000000E4 D4=AC93E400 D5=000000E4 D6=00000000 D7=00000047 xnzvc
00:B110  30 39  MOVE.w  ($00FF8034),D0           A0=0001B954 A1=00FF89FE A2=00FF8076 A3=00FF8342 A4=00FF807A A5=00FF806E A6=0000A4A0 A7=FFFFFFFC D0=000000E4 D1=00000014 D2=00000002 D3=000000E4 D4=AC93E400 D5=000000E4 D6=00000000 D7=00000047 xNzvc
00:B116  02 40  ANDI.W  #$00FF,D0                A0=0001B954 A1=00FF89FE A2=00FF8076 A3=00FF8342 A4=00FF807A A5=00FF806E A6=0000A4A0 A7=FFFFFFFC D0=00008003 D1=00000014 D2=00000002 D3=000000E4 D4=AC93E400 D5=000000E4 D6=00000000 D7=00000047 xNzvc
00:B11A  B0 7C  CMP.W   #$0003,D0                A0=0001B954 A1=00FF89FE A2=00FF8076 A3=00FF8342 A4=00FF807A A5=00FF806E A6=0000A4A0 A7=FFFFFFFC D0=00000003 D1=00000014 D2=00000002 D3=000000E4 D4=AC93E400 D5=000000E4 D6=00000000 D7=00000047 xnzvc
00:B11E  66 00  BNE     #$0014 [00:B134]         A0=0001B954 A1=00FF89FE A2=00FF8076 A3=00FF8342 A4=00FF807A A5=00FF806E A6=0000A4A0 A7=FFFFFFFC D0=00000003 D1=00000014 D2=00000002 D3=000000E4 D4=AC93E400 D5=000000E4 D6=00000000 D7=00000047 xnZvc
00:B122  61 00  BSR     #$043E [00:B562]         A0=0001B954 A1=00FF89FE A2=00FF8076 A3=00FF8342 A4=00FF807A A5=00FF806E A6=0000A4A0 A7=FFFFFFFC D0=00000003 D1=00000014 D2=00000002 D3=000000E4 D4=AC93E400 D5=000000E4 D6=00000000 D7=00000047 xnZvc

00:B126  30 39  MOVE.w  ($00FF899A),D0           A0=00FF89E2 A1=00FF89FE A2=00FF8076 A3=00FF8342 A4=00FF807A A5=00FF806E A6=0000A4A0 A7=FFFFFFFC D0=00000000 D1=00000000 D2=00000002 D3=000000E4 D4=AC93E400 D5=000000E4 D6=00000000 D7=0000FFFF xnZvc
00:B12C  B0 7C  CMP.W   #$00E0,D0                A0=00FF89E2 A1=00FF89FE A2=00FF8076 A3=00FF8342 A4=00FF807A A5=00FF806E A6=0000A4A0 A7=FFFFFFFC D0=000000E1 D1=00000000 D2=00000002 D3=000000E4 D4=AC93E400 D5=000000E4 D6=00000000 D7=0000FFFF xnzvc
00:B130  64 00  BCC     #$0004 [00:B136]         A0=00FF89E2 A1=00FF89FE A2=00FF8076 A3=00FF8342 A4=00FF807A A5=00FF806E A6=0000A4A0 A7=FFFFFFFC D0=000000E1 D1=00000000 D2=00000002 D3=000000E4 D4=AC93E400 D5=000000E4 D6=00000000 D7=0000FFFF xnzvc
(..)

00:B136  B0 7C  CMP.W   #$00E0,D0                A0=00FF89E2 A1=00FF89FE A2=00FF8076 A3=00FF8342 A4=00FF807A A5=00FF806E A6=0000A4A0 A7=FFFFFFFC D0=000000E1 D1=00000000 D2=00000002 D3=000000E4 D4=AC93E400 D5=000000E4 D6=00000000 D7=0000FFFF xnzvc
00:B13A  67 00  BEQ     #$0040 [00:B17C]         A0=00FF89E2 A1=00FF89FE A2=00FF8076 A3=00FF8342 A4=00FF807A A5=00FF806E A6=0000A4A0 A7=FFFFFFFC D0=000000E1 D1=00000000 D2=00000002 D3=000000E4 D4=AC93E400 D5=000000E4 D6=00000000 D7=0000FFFF xnzvc
00:B13E  B0 7C  CMP.W   #$00FE,D0                A0=00FF89E2 A1=00FF89FE A2=00FF8076 A3=00FF8342 A4=00FF807A A5=00FF806E A6=0000A4A0 A7=FFFFFFFC D0=000000E1 D1=00000000 D2=00000002 D3=000000E4 D4=AC93E400 D5=000000E4 D6=00000000 D7=0000FFFF xnzvc
00:B142  67 00  BEQ     #$004E [00:B192]         A0=00FF89E2 A1=00FF89FE A2=00FF8076 A3=00FF8342 A4=00FF807A A5=00FF806E A6=0000A4A0 A7=FFFFFFFC D0=000000E1 D1=00000000 D2=00000002 D3=000000E4 D4=AC93E400 D5=000000E4 D6=00000000 D7=0000FFFF xNzvC
00:B146  B0 7C  CMP.W   #$00FF,D0                A0=00FF89E2 A1=00FF89FE A2=00FF8076 A3=00FF8342 A4=00FF807A A5=00FF806E A6=0000A4A0 A7=FFFFFFFC D0=000000E1 D1=00000000 D2=00000002 D3=000000E4 D4=AC93E400 D5=000000E4 D6=00000000 D7=0000FFFF xNzvC
00:B14A  66 00  BNE     #$0010 [00:B15C]         A0=00FF89E2 A1=00FF89FE A2=00FF8076 A3=00FF8342 A4=00FF807A A5=00FF806E A6=0000A4A0 A7=FFFFFFFC D0=000000E1 D1=00000000 D2=00000002 D3=000000E4 D4=AC93E400 D5=000000E4 D6=00000000 D7=0000FFFF xNzvC
00:B15C  04 40  SUBI.W  #$00E0,D0                A0=00FF89E2 A1=00FF89FE A2=00FF8076 A3=00FF8342 A4=00FF807A A5=00FF806E A6=0000A4A0 A7=FFFFFFFC D0=000000E1 D1=00000000 D2=00000002 D3=000000E4 D4=AC93E400 D5=000000E4 D6=00000000 D7=0000FFFF xNzvC
00:B160  41 F9  LEA     ($00FF806E),A0           A0=00FF89E2 A1=00FF89FE A2=00FF8076 A3=00FF8342 A4=00FF807A A5=00FF806E A6=0000A4A0 A7=FFFFFFFC D0=00000001 D1=00000000 D2=00000002 D3=000000E4 D4=AC93E400 D5=000000E4 D6=00000000 D7=0000FFFF xnzvc
00:B166  32 10  MOVE.w  (A0),D1                  A0=00FF806E A1=00FF89FE A2=00FF8076 A3=00FF8342 A4=00FF807A A5=00FF806E A6=0000A4A0 A7=FFFFFFFC D0=00000001 D1=00000000 D2=00000002 D3=000000E4 D4=AC93E400 D5=000000E4 D6=00000000 D7=0000FFFF xnzvc
00:B168  30 C0  MOVE.w  D0,(A0)+                 A0=00FF806E A1=00FF89FE A2=00FF8076 A3=00FF8342 A4=00FF807A A5=00FF806E A6=0000A4A0 A7=FFFFFFFC D0=00000001 D1=00000000 D2=00000002 D3=000000E4 D4=AC93E400 D5=000000E4 D6=00000000 D7=0000FFFF xnZvc
00:B16A  30 C1  MOVE.w  D1,(A0)+                 A0=00FF8070 A1=00FF89FE A2=00FF8076 A3=00FF8342 A4=00FF807A A5=00FF806E A6=0000A4A0 A7=FFFFFFFC D0=00000001 D1=00000000 D2=00000002 D3=000000E4 D4=AC93E400 D5=000000E4 D6=00000000 D7=0000FFFF xnzvc
00:B16C  42 B9  CLR.L   ($00FF8072)              A0=00FF8072 A1=00FF89FE A2=00FF8076 A3=00FF8342 A4=00FF807A A5=00FF806E A6=0000A4A0 A7=FFFFFFFC D0=00000001 D1=00000000 D2=00000002 D3=000000E4 D4=AC93E400 D5=000000E4 D6=00000000 D7=0000FFFF xnZvc
00:B172  72 01  MOVEQ   #$01,D1                  A0=00FF8072 A1=00FF89FE A2=00FF8076 A3=00FF8342 A4=00FF807A A5=00FF806E A6=0000A4A0 A7=FFFFFFFC D0=00000001 D1=00000000 D2=00000002 D3=000000E4 D4=AC93E400 D5=000000E4 D6=00000000 D7=0000FFFF xnZvc
00:B174  34 3C  MOVE.w  #$0060,D2                A0=00FF8072 A1=00FF89FE A2=00FF8076 A3=00FF8342 A4=00FF807A A5=00FF806E A6=0000A4A0 A7=FFFFFFFC D0=00000001 D1=00000001 D2=00000002 D3=000000E4 D4=AC93E400 D5=000000E4 D6=00000000 D7=0000FFFF xnzvc
00:B178  60 00  BRA     #$001E [00:B198]         A0=00FF8072 A1=00FF89FE A2=00FF8076 A3=00FF8342 A4=00FF807A A5=00FF806E A6=0000A4A0 A7=FFFFFFFC D0=00000001 D1=00000001 D2=00000060 D3=000000E4 D4=AC93E400 D5=000000E4 D6=00000000 D7=0000FFFF xnzvc
(..)

00:B198  33 C1  MOVE.w  D1,($00FF819A)           A0=00FF8072 A1=00FF89FE A2=00FF8076 A3=00FF8342 A4=00FF807A A5=00FF806E A6=0000A4A0 A7=FFFFFFFC D0=00000001 D1=00000001 D2=00000060 D3=000000E4 D4=AC93E400 D5=000000E4 D6=00000000 D7=0000FFFF xnzvc
00:B19E  33 C2  MOVE.w  D2,($00FF8348)           A0=00FF8072 A1=00FF89FE A2=00FF8076 A3=00FF8342 A4=00FF807A A5=00FF806E A6=0000A4A0 A7=FFFFFFFC D0=00000001 D1=00000001 D2=00000060 D3=000000E4 D4=AC93E400 D5=000000E4 D6=00000000 D7=0000FFFF xnzvc
00:B1A4  30 3C  MOVE.w  #$00C0,D0                A0=00FF8072 A1=00FF89FE A2=00FF8076 A3=00FF8342 A4=00FF807A A5=00FF806E A6=0000A4A0 A7=FFFFFFFC D0=00000001 D1=00000001 D2=00000060 D3=000000E4 D4=AC93E400 D5=000000E4 D6=00000000 D7=0000FFFF xnzvc
00:B1A8  4E F9  JMP     ($00000F7A)              A0=00FF8072 A1=00FF89FE A2=00FF8076 A3=00FF8342 A4=00FF807A A5=00FF806E A6=0000A4A0 A7=FFFFFFFC D0=000000C0 D1=00000001 D2=00000060 D3=000000E4 D4=AC93E400 D5=000000E4 D6=00000000 D7=0000FFFF xnzvc

; ========================================================================================
; ****************************************************************************************
; ****************************************************************************************
; ========================================================================================

00:B562  30 39  MOVE.w  ($00FF8176),D0           A0=0001B954 A1=00FF89FE A2=00FF8076 A3=00FF8342 A4=00FF807A A5=00FF806E A6=0000A4A0 A7=FFFFFFF8 D0=00000003 D1=00000014 D2=00000002 D3=000000E4 D4=AC93E400 D5=000000E4 D6=00000000 D7=00000047 xnZvc
00:B568  02 40  ANDI.W  #$00FF,D0                A0=0001B954 A1=00FF89FE A2=00FF8076 A3=00FF8342 A4=00FF807A A5=00FF806E A6=0000A4A0 A7=FFFFFFF8 D0=00008000 D1=00000014 D2=00000002 D3=000000E4 D4=AC93E400 D5=000000E4 D6=00000000 D7=00000047 xNzvc
00:B56C  B0 7C  CMP.W   #$0001,D0                A0=0001B954 A1=00FF89FE A2=00FF8076 A3=00FF8342 A4=00FF807A A5=00FF806E A6=0000A4A0 A7=FFFFFFF8 D0=00000000 D1=00000014 D2=00000002 D3=000000E4 D4=AC93E400 D5=000000E4 D6=00000000 D7=00000047 xnZvc
00:B570  67 EE  BEQ     #$EE [00:B560]           A0=0001B954 A1=00FF89FE A2=00FF8076 A3=00FF8342 A4=00FF807A A5=00FF806E A6=0000A4A0 A7=FFFFFFF8 D0=00000000 D1=00000014 D2=00000002 D3=000000E4 D4=AC93E400 D5=000000E4 D6=00000000 D7=00000047 xNzvC
00:B572  61 00  BSR     #$FFFFFF14 [00:B488]     A0=0001B954 A1=00FF89FE A2=00FF8076 A3=00FF8342 A4=00FF807A A5=00FF806E A6=0000A4A0 A7=FFFFFFF8 D0=00000000 D1=00000014 D2=00000002 D3=000000E4 D4=AC93E400 D5=000000E4 D6=00000000 D7=00000047 xNzvC
00:B576  70 00  MOVEQ   #$00,D0                  A0=00063DAE A1=00FF89FE A2=00FF8076 A3=00FF8342 A4=00FF807A A5=00FF806E A6=0000A4A0 A7=FFFFFFF8 D0=00000000 D1=00000000 D2=00000002 D3=000000E4 D4=AC93E400 D5=000000E4 D6=00000000 D7=0000FFFF xnZvc
00:B578  61 00  BSR     #$FFFFD49C [00:8A16]     A0=00063DAE A1=00FF89FE A2=00FF8076 A3=00FF8342 A4=00FF807A A5=00FF806E A6=0000A4A0 A7=FFFFFFF8 D0=00000000 D1=00000000 D2=00000002 D3=000000E4 D4=AC93E400 D5=000000E4 D6=00000000 D7=0000FFFF xnZvc
00:B57C  4A 79  TST.W   ($00FF8996)              A0=00FF89E2 A1=00FF89FE A2=00FF8076 A3=00FF8342 A4=00FF807A A5=00FF806E A6=0000A4A0 A7=FFFFFFF8 D0=00000000 D1=00000000 D2=00000002 D3=000000E4 D4=AC93E400 D5=000000E4 D6=00000000 D7=0000FFFF xnZvc
00:B582  67 92  BEQ     #$92 [00:B516]           A0=00FF89E2 A1=00FF89FE A2=00FF8076 A3=00FF8342 A4=00FF807A A5=00FF806E A6=0000A4A0 A7=FFFFFFF8 D0=00000000 D1=00000000 D2=00000002 D3=000000E4 D4=AC93E400 D5=000000E4 D6=00000000 D7=0000FFFF xnZvc
(..)

00:B516  33 C6  MOVE.w  D6,($00FF824E)           A0=00063DAE A1=00FF89FE A2=00FF8076 A3=00FF8078 A4=00FF807A A5=00FF806E A6=0000A4A0 A7=FFFFFFF4 D0=00060000 D1=00000000 D2=000001A6 D3=00002053 D4=AC932B2C D5=00000560 D6=00000000 D7=0000FFFF xnZvc
00:B51C  4E 75  RTS                              A0=00063DAE A1=00FF89FE A2=00FF8076 A3=00FF8078 A4=00FF807A A5=00FF806E A6=0000A4A0 A7=FFFFFFF4 D0=00060000 D1=00000000 D2=000001A6 D3=00002053 D4=AC932B2C D5=00000560 D6=00000000 D7=0000FFFF xnZvc
