00:AFDC  60 00  BRA     #$00F4 [00:B0D2]         A0=0001B952 A1=00FF8A00 A2=00C00004 A3=00FF8342 A4=00FF807A A5=00FF806E A6=0000A4A0 A7=FFFFFFFC D0=000000E5 D1=00000010 D2=000001A6 D3=000000E5 D4=2A1BE589 D5=000000E5 D6=00000089 D7=00000048 xnzvc



00:B0D2  61 00  BSR     #$048E [00:B562]         A0=0001B952 A1=00FF8A00 A2=00C00004 A3=00FF8342 A4=00FF807A A5=00FF806E A6=0000A4A0 A7=FFFFFFFC D0=000000E5 D1=00000010 D2=000001A6 D3=000000E5 D4=2A1BE589 D5=000000E5 D6=00000089 D7=00000048 xnzvc
00:B0D6  0C 79  CMPI.W  #$0002,($00FF898E)       A0=00FF89E2 A1=00FF8A00 A2=00C00004 A3=00FF8342 A4=00FF807A A5=00FF806E A6=0000A4A0 A7=FFFFFFFC D0=00000000 D1=00000000 D2=000001A6 D3=000000E5 D4=2A1BE589 D5=000000E5 D6=00000000 D7=0000FFFF xnZvc
00:B0DE  66 00  BNE     #$0004 [00:B0E4]         A0=00FF89E2 A1=00FF8A00 A2=00C00004 A3=00FF8342 A4=00FF807A A5=00FF806E A6=0000A4A0 A7=FFFFFFFC D0=00000000 D1=00000000 D2=000001A6 D3=000000E5 D4=2A1BE589 D5=000000E5 D6=00000000 D7=0000FFFF xNzvC
(..)

00:B0E4  33 FC  MOVE.w  #$0300,($00FF8328)       A0=00FF89E2 A1=00FF8A00 A2=00C00004 A3=00FF8342 A4=00FF807A A5=00FF806E A6=0000A4A0 A7=FFFFFFFC D0=00000000 D1=00000000 D2=000001A6 D3=000000E5 D4=2A1BE589 D5=000000E5 D6=00000000 D7=0000FFFF xNzvC
00:B0EC  52 79  ADDQ.W  #1,($00FF8994)           A0=00FF89E2 A1=00FF8A00 A2=00C00004 A3=00FF8342 A4=00FF807A A5=00FF806E A6=0000A4A0 A7=FFFFFFFC D0=00000000 D1=00000000 D2=000001A6 D3=000000E5 D4=2A1BE589 D5=000000E5 D6=00000000 D7=0000FFFF xnzvc
00:B0F2  61 00  BSR     #$030A [00:B3FE]         A0=00FF89E2 A1=00FF8A00 A2=00C00004 A3=00FF8342 A4=00FF807A A5=00FF806E A6=0000A4A0 A7=FFFFFFFC D0=00000000 D1=00000000 D2=000001A6 D3=000000E5 D4=2A1BE589 D5=000000E5 D6=00000000 D7=0000FFFF xnzvc
00:B0F6  42 79  CLR.W   ($00FF8342)              A0=0001B9F6 A1=00FF8A00 A2=00C00004 A3=00FF8342 A4=00FF807A A5=00FF806E A6=0000A4A0 A7=FFFFFFFC D0=0001BDD0 D1=00000012 D2=000001A6 D3=000003EC D4=2A1BE589 D5=000000E5 D6=00000000 D7=0000FFFF xnzvc
00:B0FC  33 FC  MOVE.w  #$0030,($00FF8346)       A0=0001B9F6 A1=00FF8A00 A2=00C00004 A3=00FF8342 A4=00FF807A A5=00FF806E A6=0000A4A0 A7=FFFFFFFC D0=0001BDD0 D1=00000012 D2=000001A6 D3=000003EC D4=2A1BE589 D5=000000E5 D6=00000000 D7=0000FFFF xnZvc
00:B104  60 00  BRA     #$FFFFFF18 [00:B01E]     A0=0001B9F6 A1=00FF8A00 A2=00C00004 A3=00FF8342 A4=00FF807A A5=00FF806E A6=0000A4A0 A7=FFFFFFFC D0=0001BDD0 D1=00000012 D2=000001A6 D3=000003EC D4=2A1BE589 D5=000000E5 D6=00000000 D7=0000FFFF xnzvc
(..)

; ============================================================================

00:B01E  32 39  MOVE.w  ($00FF8332),D1           A0=0001B9F6 A1=00FF8A00 A2=00C00004 A3=00FF8342 A4=00FF807A A5=00FF806E A6=0000A4A0 A7=FFFFFFFC D0=0001BDD0 D1=00000012 D2=000001A6 D3=000003EC D4=2A1BE589 D5=000000E5 D6=00000000 D7=0000FFFF xnzvc
00:B024  34 39  MOVE.w  ($00FF8344),D2           A0=0001B9F6 A1=00FF8A00 A2=00C00004 A3=00FF8342 A4=00FF807A A5=00FF806E A6=0000A4A0 A7=FFFFFFFC D0=0001BDD0 D1=0000C986 D2=000001A6 D3=000003EC D4=2A1BE589 D5=000000E5 D6=00000000 D7=0000FFFF xNzvc
00:B02A  30 39  MOVE.w  ($00FF8338),D0           A0=0001B9F6 A1=00FF8A00 A2=00C00004 A3=00FF8342 A4=00FF807A A5=00FF806E A6=0000A4A0 A7=FFFFFFFC D0=0001BDD0 D1=0000C986 D2=00000000 D3=000003EC D4=2A1BE589 D5=000000E5 D6=00000000 D7=0000FFFF xnZvc
00:B030  52 42  ADDQ.W  #1,D2                    A0=0001B9F6 A1=00FF8A00 A2=00C00004 A3=00FF8342 A4=00FF807A A5=00FF806E A6=0000A4A0 A7=FFFFFFFC D0=00010003 D1=0000C986 D2=00000000 D3=000003EC D4=2A1BE589 D5=000000E5 D6=00000000 D7=0000FFFF xnzvc
00:B032  33 C2  MOVE.w  D2,($00FF8344)           A0=0001B9F6 A1=00FF8A00 A2=00C00004 A3=00FF8342 A4=00FF807A A5=00FF806E A6=0000A4A0 A7=FFFFFFFC D0=00010003 D1=0000C986 D2=00000001 D3=000003EC D4=2A1BE589 D5=000000E5 D6=00000000 D7=0000FFFF xnzvc
00:B038  B0 42  CMP.W   D2,D0                    A0=0001B9F6 A1=00FF8A00 A2=00C00004 A3=00FF8342 A4=00FF807A A5=00FF806E A6=0000A4A0 A7=FFFFFFFC D0=00010003 D1=0000C986 D2=00000001 D3=000003EC D4=2A1BE589 D5=000000E5 D6=00000000 D7=0000FFFF xnzvc
00:B03A  64 00  BCC     #$001C [00:B058]         A0=0001B9F6 A1=00FF8A00 A2=00C00004 A3=00FF8342 A4=00FF807A A5=00FF806E A6=0000A4A0 A7=FFFFFFFC D0=00010003 D1=0000C986 D2=00000001 D3=000003EC D4=2A1BE589 D5=000000E5 D6=00000000 D7=0000FFFF xnzvc
(..)

00:B058  06 41  ADDI.W  #$0100,D1                A0=0001B9F6 A1=00FF8A00 A2=00C00004 A3=00FF8342 A4=00FF807A A5=00FF806E A6=0000A4A0 A7=FFFFFFFC D0=00010003 D1=0000C986 D2=00000001 D3=000003EC D4=2A1BE589 D5=000000E5 D6=00000000 D7=0000FFFF xnzvc
00:B05C  41 F9  LEA     ($00FF8330),A0           A0=0001B9F6 A1=00FF8A00 A2=00C00004 A3=00FF8342 A4=00FF807A A5=00FF806E A6=0000A4A0 A7=FFFFFFFC D0=00010003 D1=0000CA86 D2=00000001 D3=000003EC D4=2A1BE589 D5=000000E5 D6=00000000 D7=0000FFFF xNzvc
00:B062  30 C1  MOVE.w  D1,(A0)+                 A0=00FF8330 A1=00FF8A00 A2=00C00004 A3=00FF8342 A4=00FF807A A5=00FF806E A6=0000A4A0 A7=FFFFFFFC D0=00010003 D1=0000CA86 D2=00000001 D3=000003EC D4=2A1BE589 D5=000000E5 D6=00000000 D7=0000FFFF xNzvc
00:B064  30 81  MOVE.w  D1,(A0)                  A0=00FF8332 A1=00FF8A00 A2=00C00004 A3=00FF8342 A4=00FF807A A5=00FF806E A6=0000A4A0 A7=FFFFFFFC D0=00010003 D1=0000CA86 D2=00000001 D3=000003EC D4=2A1BE589 D5=000000E5 D6=00000000 D7=0000FFFF xNzvc
00:B066  42 79  CLR.W   ($00FF8340)              A0=00FF8332 A1=00FF8A00 A2=00C00004 A3=00FF8342 A4=00FF807A A5=00FF806E A6=0000A4A0 A7=FFFFFFFC D0=00010003 D1=0000CA86 D2=00000001 D3=000003EC D4=2A1BE589 D5=000000E5 D6=00000000 D7=0000FFFF xNzvc
00:B06C  4E 75  RTS                              A0=00FF8332 A1=00FF8A00 A2=00C00004 A3=00FF8342 A4=00FF807A A5=00FF806E A6=0000A4A0 A7=FFFFFFFC D0=00010003 D1=0000CA86 D2=00000001 D3=000003EC D4=2A1BE589 D5=000000E5 D6=00000000 D7=0000FFFF xnZvc

; ===========================================================================
; ***************************************************************************
; ***************************************************************************
; ===========================================================================

00:B562  30 39  MOVE.w  ($00FF8176),D0           A0=0001B952 A1=00FF8A00 A2=00C00004 A3=00FF8342 A4=00FF807A A5=00FF806E A6=0000A4A0 A7=FFFFFFF8 D0=000000E5 D1=00000010 D2=000001A6 D3=000000E5 D4=2A1BE589 D5=000000E5 D6=00000089 D7=00000048 xnzvc
00:B568  02 40  ANDI.W  #$00FF,D0                A0=0001B952 A1=00FF8A00 A2=00C00004 A3=00FF8342 A4=00FF807A A5=00FF806E A6=0000A4A0 A7=FFFFFFF8 D0=00008000 D1=00000010 D2=000001A6 D3=000000E5 D4=2A1BE589 D5=000000E5 D6=00000089 D7=00000048 xNzvc
00:B56C  B0 7C  CMP.W   #$0001,D0                A0=0001B952 A1=00FF8A00 A2=00C00004 A3=00FF8342 A4=00FF807A A5=00FF806E A6=0000A4A0 A7=FFFFFFF8 D0=00000000 D1=00000010 D2=000001A6 D3=000000E5 D4=2A1BE589 D5=000000E5 D6=00000089 D7=00000048 xnZvc
00:B570  67 EE  BEQ     #$EE [00:B560]           A0=0001B952 A1=00FF8A00 A2=00C00004 A3=00FF8342 A4=00FF807A A5=00FF806E A6=0000A4A0 A7=FFFFFFF8 D0=00000000 D1=00000010 D2=000001A6 D3=000000E5 D4=2A1BE589 D5=000000E5 D6=00000089 D7=00000048 xNzvC

00:B572  61 00  BSR     #$FFFFFF14 [00:B488]     A0=0001B952 A1=00FF8A00 A2=00C00004 A3=00FF8342 A4=00FF807A A5=00FF806E A6=0000A4A0 A7=FFFFFFF8 D0=00000000 D1=00000010 D2=000001A6 D3=000000E5 D4=2A1BE589 D5=000000E5 D6=00000089 D7=00000048 xNzvC
00:B576  70 00  MOVEQ   #$00,D0                  A0=00063DB2 A1=00FF8A00 A2=00C00004 A3=00FF8342 A4=00FF807A A5=00FF806E A6=0000A4A0 A7=FFFFFFF8 D0=00000008 D1=00000008 D2=000001A6 D3=000000E5 D4=2A1BE589 D5=000000E5 D6=00000000 D7=0000FFFF xnZvc
00:B578  61 00  BSR     #$FFFFD49C [00:8A16]     A0=00063DB2 A1=00FF8A00 A2=00C00004 A3=00FF8342 A4=00FF807A A5=00FF806E A6=0000A4A0 A7=FFFFFFF8 D0=00000000 D1=00000008 D2=000001A6 D3=000000E5 D4=2A1BE589 D5=000000E5 D6=00000000 D7=0000FFFF xnZvc

; ===========================================================================
; ===========================================================================

00:8A16  41 F9  LEA     ($00FF89E2),A0           A0=00063DB2 A1=00FF8A00 A2=00C00004 A3=00FF8342 A4=00FF807A A5=00FF806E A6=0000A4A0 A7=FFFFFFF4 D0=00000000 D1=00000008 D2=000001A6 D3=000000E5 D4=2A1BE589 D5=000000E5 D6=00000000 D7=0000FFFF xnZvc
00:8A1C  32 39  MOVE.w  ($00FF824E),D1           A0=00FF89E2 A1=00FF8A00 A2=00C00004 A3=00FF8342 A4=00FF807A A5=00FF806E A6=0000A4A0 A7=FFFFFFF4 D0=00000000 D1=00000008 D2=000001A6 D3=000000E5 D4=2A1BE589 D5=000000E5 D6=00000000 D7=0000FFFF xnZvc
00:8A22  E5 49  LSL.W   #2,D1                    A0=00FF89E2 A1=00FF8A00 A2=00C00004 A3=00FF8342 A4=00FF807A A5=00FF806E A6=0000A4A0 A7=FFFFFFF4 D0=00000000 D1=00000000 D2=000001A6 D3=000000E5 D4=2A1BE589 D5=000000E5 D6=00000000 D7=0000FFFF xnZvc
00:8A24  4E FB  JMP     $02(PC,D1)               A0=00FF89E2 A1=00FF8A00 A2=00C00004 A3=00FF8342 A4=00FF807A A5=00FF806E A6=0000A4A0 A7=FFFFFFF4 D0=00000000 D1=00000000 D2=000001A6 D3=000000E5 D4=2A1BE589 D5=000000E5 D6=00000000 D7=0000FFFF xnZvc
00:8A28  60 00  BRA     #$00BE [00:8AE8]         A0=00FF89E2 A1=00FF8A00 A2=00C00004 A3=00FF8342 A4=00FF807A A5=00FF806E A6=0000A4A0 A7=FFFFFFF4 D0=00000000 D1=00000000 D2=000001A6 D3=000000E5 D4=2A1BE589 D5=000000E5 D6=00000000 D7=0000FFFF xnZvc
00:8AE8  4E 75  RTS                              A0=00FF89E2 A1=00FF8A00 A2=00C00004 A3=00FF8342 A4=00FF807A A5=00FF806E A6=0000A4A0 A7=FFFFFFF4 D0=00000000 D1=00000000 D2=000001A6 D3=000000E5 D4=2A1BE589 D5=000000E5 D6=00000000 D7=0000FFFF xnZvc

; ===========================================================================
; ===========================================================================

00:B57C  4A 79  TST.W   ($00FF8996)              A0=00FF89E2 A1=00FF8A00 A2=00C00004 A3=00FF8342 A4=00FF807A A5=00FF806E A6=0000A4A0 A7=FFFFFFF8 D0=00000000 D1=00000000 D2=000001A6 D3=000000E5 D4=2A1BE589 D5=000000E5 D6=00000000 D7=0000FFFF xnZvc
00:B582  67 92  BEQ     #$92 [00:B516]           A0=00FF89E2 A1=00FF8A00 A2=00C00004 A3=00FF8342 A4=00FF807A A5=00FF806E A6=0000A4A0 A7=FFFFFFF8 D0=00000000 D1=00000000 D2=000001A6 D3=000000E5 D4=2A1BE589 D5=000000E5 D6=00000000 D7=0000FFFF xnZvc
(..)