00:B208  9E 7C  SUB.W   #$002C,D7                A0=0001B988 A1=00FF8A00 A2=00C00004 A3=00FF8342 A4=00FF807A A5=00FF806E A6=0000A4A0 A7=FFFFFFFC D0=000000B0 D1=0001004C D2=00000002 D3=000000B0 D4=2A1BB080 D5=000000B0 D6=00000080 D7=0000002D xNzvC
00:B20C  33 C7  MOVE.w  D7,($00FF81A2)           A0=0001B988 A1=00FF8A00 A2=00C00004 A3=00FF8342 A4=00FF807A A5=00FF806E A6=0000A4A0 A7=FFFFFFFC D0=000000B0 D1=0001004C D2=00000002 D3=000000B0 D4=2A1BB080 D5=000000B0 D6=00000080 D7=00000001 xnzvc
00:B212  60 00  BRA     #$FFFFD57C [00:8790]     A0=0001B988 A1=00FF8A00 A2=00C00004 A3=00FF8342 A4=00FF807A A5=00FF806E A6=0000A4A0 A7=FFFFFFFC D0=000000B0 D1=0001004C D2=00000002 D3=000000B0 D4=2A1BB080 D5=000000B0 D6=00000080 D7=00000001 xnzvc

; ==========================================================================
; ##########################################################################
; ==========================================================================

00:8790  30 39  MOVE.w  ($00FF81A2),D0           A0=0001B988 A1=00FF8A00 A2=00C00004 A3=00FF8342 A4=00FF807A A5=00FF806E A6=0000A4A0 A7=FFFFFFFC D0=000000B0 D1=0001004C D2=00000002 D3=000000B0 D4=2A1BB080 D5=000000B0 D6=00000080 D7=00000001 xnzvc
00:8796  C0 7C  AND.W   #$00FF,D0                A0=0001B988 A1=00FF8A00 A2=00C00004 A3=00FF8342 A4=00FF807A A5=00FF806E A6=0000A4A0 A7=FFFFFFFC D0=00000001 D1=0001004C D2=00000002 D3=000000B0 D4=2A1BB080 D5=000000B0 D6=00000080 D7=00000001 xnzvc
00:879A  67 00  BEQ     #$002C [00:87C8]         A0=0001B988 A1=00FF8A00 A2=00C00004 A3=00FF8342 A4=00FF807A A5=00FF806E A6=0000A4A0 A7=FFFFFFFC D0=00000001 D1=0001004C D2=00000002 D3=000000B0 D4=2A1BB080 D5=000000B0 D6=00000080 D7=00000001 xnzvc
00:879E  61 00  BSR     #$002A [00:87CA]         A0=0001B988 A1=00FF8A00 A2=00C00004 A3=00FF8342 A4=00FF807A A5=00FF806E A6=0000A4A0 A7=FFFFFFFC D0=00000001 D1=0001004C D2=00000002 D3=000000B0 D4=2A1BB080 D5=000000B0 D6=00000080 D7=00000001 xnzvc

00:87CA  41 F9  LEA     ($00021426),A0           A0=0001B988 A1=00FF8A00 A2=00C00004 A3=00FF8342 A4=00FF807A A5=00FF806E A6=0000A4A0 A7=FFFFFFF8 D0=00000001 D1=0001004C D2=00000002 D3=000000B0 D4=2A1BB080 D5=000000B0 D6=00000080 D7=00000001 xnzvc
00:87D0  30 39  MOVE.w  ($00FF806E),D0           A0=00021426 A1=00FF8A00 A2=00C00004 A3=00FF8342 A4=00FF807A A5=00FF806E A6=0000A4A0 A7=FFFFFFF8 D0=00000001 D1=0001004C D2=00000002 D3=000000B0 D4=2A1BB080 D5=000000B0 D6=00000080 D7=00000001 xnzvc
00:87D6  53 40  SUBQ.W  #1,D0                    A0=00021426 A1=00FF8A00 A2=00C00004 A3=00FF8342 A4=00FF807A A5=00FF806E A6=0000A4A0 A7=FFFFFFF8 D0=00000001 D1=0001004C D2=00000002 D3=000000B0 D4=2A1BB080 D5=000000B0 D6=00000080 D7=00000001 xnzvc
00:87D8  D0 40  ADD.W   D0,D0                    A0=00021426 A1=00FF8A00 A2=00C00004 A3=00FF8342 A4=00FF807A A5=00FF806E A6=0000A4A0 A7=FFFFFFF8 D0=00000000 D1=0001004C D2=00000002 D3=000000B0 D4=2A1BB080 D5=000000B0 D6=00000080 D7=00000001 xnZvc
00:87DA  D0 40  ADD.W   D0,D0                    A0=00021426 A1=00FF8A00 A2=00C00004 A3=00FF8342 A4=00FF807A A5=00FF806E A6=0000A4A0 A7=FFFFFFF8 D0=00000000 D1=0001004C D2=00000002 D3=000000B0 D4=2A1BB080 D5=000000B0 D6=00000080 D7=00000001 xnZvc
00:87DC  22 70  MOVE.l  $00(A0,D0),A1            A0=00021426 A1=00FF8A00 A2=00C00004 A3=00FF8342 A4=00FF807A A5=00FF806E A6=0000A4A0 A7=FFFFFFF8 D0=00000000 D1=0001004C D2=00000002 D3=000000B0 D4=2A1BB080 D5=000000B0 D6=00000080 D7=00000001 xnZvc

00:87E0  32 39  MOVE.w  ($00FF8994),D1           A0=00021426 A1=0002147A A2=00C00004 A3=00FF8342 A4=00FF807A A5=00FF806E A6=0000A4A0 A7=FFFFFFF8 D0=00000000 D1=0001004C D2=00000002 D3=000000B0 D4=2A1BB080 D5=000000B0 D6=00000080 D7=00000001 xnZvc
00:87E6  00 41  ORI.W   #$F000,D1                A0=00021426 A1=0002147A A2=00C00004 A3=00FF8342 A4=00FF807A A5=00FF806E A6=0000A4A0 A7=FFFFFFF8 D0=00000000 D1=00010008 D2=00000002 D3=000000B0 D4=2A1BB080 D5=000000B0 D6=00000080 D7=00000001 xnzvc
00:87EA  76 02  MOVEQ   #$02,D3                  A0=00021426 A1=0002147A A2=00C00004 A3=00FF8342 A4=00FF807A A5=00FF806E A6=0000A4A0 A7=FFFFFFF8 D0=00000000 D1=0001F008 D2=00000002 D3=000000B0 D4=2A1BB080 D5=000000B0 D6=00000080 D7=00000001 xNzvc
00:87EC  3C 3C  MOVE.w  #$FFFF,D6                A0=00021426 A1=0002147A A2=00C00004 A3=00FF8342 A4=00FF807A A5=00FF806E A6=0000A4A0 A7=FFFFFFF8 D0=00000000 D1=0001F008 D2=00000002 D3=00000002 D4=2A1BB080 D5=000000B0 D6=00000080 D7=00000001 xnzvc
00:87F0  30 11  MOVE.w  (A1),D0                  A0=00021426 A1=0002147A A2=00C00004 A3=00FF8342 A4=00FF807A A5=00FF806E A6=0000A4A0 A7=FFFFFFF8 D0=00000000 D1=0001F008 D2=00000002 D3=00000002 D4=2A1BB080 D5=000000B0 D6=0000FFFF D7=00000001 xNzvc
00:87F2  B0 46  CMP.W   D6,D0                    A0=00021426 A1=0002147A A2=00C00004 A3=00FF8342 A4=00FF807A A5=00FF806E A6=0000A4A0 A7=FFFFFFF8 D0=0000F008 D1=0001F008 D2=00000002 D3=00000002 D4=2A1BB080 D5=000000B0 D6=0000FFFF D7=00000001 xNzvc
00:87F4  67 00  BEQ     #$0040 [00:8836]         A0=00021426 A1=0002147A A2=00C00004 A3=00FF8342 A4=00FF807A A5=00FF806E A6=0000A4A0 A7=FFFFFFF8 D0=0000F008 D1=0001F008 D2=00000002 D3=00000002 D4=2A1BB080 D5=000000B0 D6=0000FFFF D7=00000001 xNzvC
00:87F8  B0 41  CMP.W   D1,D0                    A0=00021426 A1=0002147A A2=00C00004 A3=00FF8342 A4=00FF807A A5=00FF806E A6=0000A4A0 A7=FFFFFFF8 D0=0000F008 D1=0001F008 D2=00000002 D3=00000002 D4=2A1BB080 D5=000000B0 D6=0000FFFF D7=00000001 xNzvC
00:87FA  67 00  BEQ     #$0006 [00:8802]         A0=00021426 A1=0002147A A2=00C00004 A3=00FF8342 A4=00FF807A A5=00FF806E A6=0000A4A0 A7=FFFFFFF8 D0=0000F008 D1=0001F008 D2=00000002 D3=00000002 D4=2A1BB080 D5=000000B0 D6=0000FFFF D7=00000001 xnZvc
00:8802  32 39  MOVE.w  ($00FF81A2),D1           A0=00021426 A1=0002147A A2=00C00004 A3=00FF8342 A4=00FF807A A5=00FF806E A6=0000A4A0 A7=FFFFFFF8 D0=0000F008 D1=0001F008 D2=00000002 D3=00000002 D4=2A1BB080 D5=000000B0 D6=0000FFFF D7=00000001 xnZvc
00:8808  D2 41  ADD.W   D1,D1                    A0=00021426 A1=0002147A A2=00C00004 A3=00FF8342 A4=00FF807A A5=00FF806E A6=0000A4A0 A7=FFFFFFF8 D0=0000F008 D1=00010001 D2=00000002 D3=00000002 D4=2A1BB080 D5=000000B0 D6=0000FFFF D7=00000001 xnzvc
00:880A  34 31  MOVE.w  $00(A1,D1),D2            A0=00021426 A1=0002147A A2=00C00004 A3=00FF8342 A4=00FF807A A5=00FF806E A6=0000A4A0 A7=FFFFFFF8 D0=0000F008 D1=00010002 D2=00000002 D3=00000002 D4=2A1BB080 D5=000000B0 D6=0000FFFF D7=00000001 xnzvc
00:880E  33 C2  MOVE.w  D2,($00FF89CC)           A0=00021426 A1=0002147A A2=00C00004 A3=00FF8342 A4=00FF807A A5=00FF806E A6=0000A4A0 A7=FFFFFFF8 D0=0000F008 D1=00010002 D2=00000000 D3=00000002 D4=2A1BB080 D5=000000B0 D6=0000FFFF D7=00000001 xnZvc
00:8814  30 39  MOVE.w  ($00FF81A6),D0           A0=00021426 A1=0002147A A2=00C00004 A3=00FF8342 A4=00FF807A A5=00FF806E A6=0000A4A0 A7=FFFFFFF8 D0=0000F008 D1=00010002 D2=00000000 D3=00000002 D4=2A1BB080 D5=000000B0 D6=0000FFFF D7=00000001 xnZvc
00:881A  32 3C  MOVE.w  #$6000,D1                A0=00021426 A1=0002147A A2=00C00004 A3=00FF8342 A4=00FF807A A5=00FF806E A6=0000A4A0 A7=FFFFFFF8 D0=000018A0 D1=00010002 D2=00000000 D3=00000002 D4=2A1BB080 D5=000000B0 D6=0000FFFF D7=00000001 xnzvc
00:881E  B4 7C  CMP.W   #$000E,D2                A0=00021426 A1=0002147A A2=00C00004 A3=00FF8342 A4=00FF807A A5=00FF806E A6=0000A4A0 A7=FFFFFFF8 D0=000018A0 D1=00016000 D2=00000000 D3=00000002 D4=2A1BB080 D5=000000B0 D6=0000FFFF D7=00000001 xnzvc
00:8822  64 00  BCC     #$0008 [00:882C]         A0=00021426 A1=0002147A A2=00C00004 A3=00FF8342 A4=00FF807A A5=00FF806E A6=0000A4A0 A7=FFFFFFF8 D0=000018A0 D1=00016000 D2=00000000 D3=00000002 D4=2A1BB080 D5=000000B0 D6=0000FFFF D7=00000001 xNzvC
00:8826  70 00  MOVEQ   #$00,D0                  A0=00021426 A1=0002147A A2=00C00004 A3=00FF8342 A4=00FF807A A5=00FF806E A6=0000A4A0 A7=FFFFFFF8 D0=000018A0 D1=00016000 D2=00000000 D3=00000002 D4=2A1BB080 D5=000000B0 D6=0000FFFF D7=00000001 xNzvC
00:8828  32 3C  MOVE.w  #$2000,D1                A0=00021426 A1=0002147A A2=00C00004 A3=00FF8342 A4=00FF807A A5=00FF806E A6=0000A4A0 A7=FFFFFFF8 D0=00000000 D1=00016000 D2=00000000 D3=00000002 D4=2A1BB080 D5=000000B0 D6=0000FFFF D7=00000001 xnZvc
00:882C  47 F9  LEA     ($00FF822A),A3           A0=00021426 A1=0002147A A2=00C00004 A3=00FF8342 A4=00FF807A A5=00FF806E A6=0000A4A0 A7=FFFFFFF8 D0=00000000 D1=00012000 D2=00000000 D3=00000002 D4=2A1BB080 D5=000000B0 D6=0000FFFF D7=00000001 xnzvc
00:8832  36 C0  MOVE.w  D0,(A3)+                 A0=00021426 A1=0002147A A2=00C00004 A3=00FF822A A4=00FF807A A5=00FF806E A6=0000A4A0 A7=FFFFFFF8 D0=00000000 D1=00012000 D2=00000000 D3=00000002 D4=2A1BB080 D5=000000B0 D6=0000FFFF D7=00000001 xnzvc
00:8834  36 81  MOVE.w  D1,(A3)                  A0=00021426 A1=0002147A A2=00C00004 A3=00FF822C A4=00FF807A A5=00FF806E A6=0000A4A0 A7=FFFFFFF8 D0=00000000 D1=00012000 D2=00000000 D3=00000002 D4=2A1BB080 D5=000000B0 D6=0000FFFF D7=00000001 xnZvc
00:8836  4E 75  RTS                              A0=00021426 A1=0002147A A2=00C00004 A3=00FF822C A4=00FF807A A5=00FF806E A6=0000A4A0 A7=FFFFFFF8 D0=00000000 D1=00012000 D2=00000000 D3=00000002 D4=2A1BB080 D5=000000B0 D6=0000FFFF D7=00000001 xnzvc
00:87A2  61 00  BSR     #$FFFFFF48 [00:86EC]     A0=00021426 A1=0002147A A2=00C00004 A3=00FF822C A4=00FF807A A5=00FF806E A6=0000A4A0 A7=FFFFFFFC D0=00000000 D1=00012000 D2=00000000 D3=00000002 D4=2A1BB080 D5=000000B0 D6=0000FFFF D7=00000001 xnzvc
00:86EC  41 F9  LEA     ($00063A90),A0           A0=00021426 A1=0002147A A2=00C00004 A3=00FF822C A4=00FF807A A5=00FF806E A6=0000A4A0 A7=FFFFFFF8 D0=00000000 D1=00012000 D2=00000000 D3=00000002 D4=2A1BB080 D5=000000B0 D6=0000FFFF D7=00000001 xnzvc
00:86F2  30 39  MOVE.w  ($00FF89CC),D0           A0=00063A90 A1=0002147A A2=00C00004 A3=00FF822C A4=00FF807A A5=00FF806E A6=0000A4A0 A7=FFFFFFF8 D0=00000000 D1=00012000 D2=00000000 D3=00000002 D4=2A1BB080 D5=000000B0 D6=0000FFFF D7=00000001 xnzvc
00:86F8  72 38  MOVEQ   #$38,D1                  A0=00063A90 A1=0002147A A2=00C00004 A3=00FF822C A4=00FF807A A5=00FF806E A6=0000A4A0 A7=FFFFFFF8 D0=00000000 D1=00012000 D2=00000000 D3=00000002 D4=2A1BB080 D5=000000B0 D6=0000FFFF D7=00000001 xnZvc
00:86FA  B2 40  CMP.W   D0,D1                    A0=00063A90 A1=0002147A A2=00C00004 A3=00FF822C A4=00FF807A A5=00FF806E A6=0000A4A0 A7=FFFFFFF8 D0=00000000 D1=00000038 D2=00000000 D3=00000002 D4=2A1BB080 D5=000000B0 D6=0000FFFF D7=00000001 xnzvc
00:86FC  65 00  BCS     #$005C [00:875A]         A0=00063A90 A1=0002147A A2=00C00004 A3=00FF822C A4=00FF807A A5=00FF806E A6=0000A4A0 A7=FFFFFFF8 D0=00000000 D1=00000038 D2=00000000 D3=00000002 D4=2A1BB080 D5=000000B0 D6=0000FFFF D7=00000001 xnzvc
00:8700  32 70  MOVE.w  $00(A0,D0),A1            A0=00063A90 A1=0002147A A2=00C00004 A3=00FF822C A4=00FF807A A5=00FF806E A6=0000A4A0 A7=FFFFFFF8 D0=00000000 D1=00000038 D2=00000000 D3=00000002 D4=2A1BB080 D5=000000B0 D6=0000FFFF D7=00000001 xnzvc
00:8704  D3 FC  ADDA.L  #$000411DC,A1            A0=00063A90 A1=00000000 A2=00C00004 A3=00FF822C A4=00FF807A A5=00FF806E A6=0000A4A0 A7=FFFFFFF8 D0=00000000 D1=00000038 D2=00000000 D3=00000002 D4=2A1BB080 D5=000000B0 D6=0000FFFF D7=00000001 xnzvc
00:870A  47 F9  LEA     ($00063B00),A3           A0=00063A90 A1=000411DC A2=00C00004 A3=00FF822C A4=00FF807A A5=00FF806E A6=0000A4A0 A7=FFFFFFF8 D0=00000000 D1=00000038 D2=00000000 D3=00000002 D4=2A1BB080 D5=000000B0 D6=0000FFFF D7=00000001 xnzvc
00:8710  C0 FC  MULU.W  #$0003,D0                A0=00063A90 A1=000411DC A2=00C00004 A3=00063B00 A4=00FF807A A5=00FF806E A6=0000A4A0 A7=FFFFFFF8 D0=00000000 D1=00000038 D2=00000000 D3=00000002 D4=2A1BB080 D5=000000B0 D6=0000FFFF D7=00000001 xnzvc
00:8714  D6 C0  ADDA.W  D0,A3                    A0=00063A90 A1=000411DC A2=00C00004 A3=00063B00 A4=00FF807A A5=00FF806E A6=0000A4A0 A7=FFFFFFF8 D0=00000000 D1=00000038 D2=00000000 D3=00000002 D4=2A1BB080 D5=000000B0 D6=0000FFFF D7=00000001 xnZvc
00:8716  34 5B  MOVE.w  (A3)+,A2                 A0=00063A90 A1=000411DC A2=00C00004 A3=00063B00 A4=00FF807A A5=00FF806E A6=0000A4A0 A7=FFFFFFF8 D0=00000000 D1=00000038 D2=00000000 D3=00000002 D4=2A1BB080 D5=000000B0 D6=0000FFFF D7=00000001 xnZvc
00:8718  32 1B  MOVE.w  (A3)+,D1                 A0=00063A90 A1=000411DC A2=FFFFC3B8 A3=00063B02 A4=00FF807A A5=00FF806E A6=0000A4A0 A7=FFFFFFF8 D0=00000000 D1=00000038 D2=00000000 D3=00000002 D4=2A1BB080 D5=000000B0 D6=0000FFFF D7=00000001 xnZvc
00:871A  34 13  MOVE.w  (A3),D2                  A0=00063A90 A1=000411DC A2=FFFFC3B8 A3=00063B04 A4=00FF807A A5=00FF806E A6=0000A4A0 A7=FFFFFFF8 D0=00000000 D1=0000000A D2=00000000 D3=00000002 D4=2A1BB080 D5=000000B0 D6=0000FFFF D7=00000001 xnzvc
00:871C  36 39  MOVE.w  ($00FF822A),D3           A0=00063A90 A1=000411DC A2=FFFFC3B8 A3=00063B04 A4=00FF807A A5=00FF806E A6=0000A4A0 A7=FFFFFFF8 D0=00000000 D1=0000000A D2=0000000A D3=00000002 D4=2A1BB080 D5=000000B0 D6=0000FFFF D7=00000001 xnzvc
00:8722  86 FC  DIVU.W  #$0020,D3                A0=00063A90 A1=000411DC A2=FFFFC3B8 A3=00063B04 A4=00FF807A A5=00FF806E A6=0000A4A0 A7=FFFFFFF8 D0=00000000 D1=0000000A D2=0000000A D3=00000000 D4=2A1BB080 D5=000000B0 D6=0000FFFF D7=00000001 xnZvc
00:8726  D6 7C  ADD.W   #$80DA,D3                A0=00063A90 A1=000411DC A2=FFFFC3B8 A3=00063B04 A4=00FF807A A5=00FF806E A6=0000A4A0 A7=FFFFFFF8 D0=00000000 D1=0000000A D2=0000000A D3=00000000 D4=2A1BB080 D5=000000B0 D6=0000FFFF D7=00000001 xnZvc
00:872A  D6 79  ADD.W   ($00FF822C),D3           A0=00063A90 A1=000411DC A2=FFFFC3B8 A3=00063B04 A4=00FF807A A5=00FF806E A6=0000A4A0 A7=FFFFFFF8 D0=00000000 D1=0000000A D2=0000000A D3=000080DA D4=2A1BB080 D5=000000B0 D6=0000FFFF D7=00000001 xNzvc
00:8730  61 00  BSR     #$002A [00:875C]         A0=00063A90 A1=000411DC A2=FFFFC3B8 A3=00063B04 A4=00FF807A A5=00FF806E A6=0000A4A0 A7=FFFFFFF8 D0=00000000 D1=0000000A D2=0000000A D3=0000A0DA D4=2A1BB080 D5=000000B0 D6=0000FFFF D7=00000001 xNzvc
00:875C  7E 00  MOVEQ   #$00,D7                  A0=00063A90 A1=000411DC A2=FFFFC3B8 A3=00063B04 A4=00FF807A A5=00FF806E A6=0000A4A0 A7=FFFFFFF4 D0=00000000 D1=0000000A D2=0000000A D3=0000A0DA D4=2A1BB080 D5=000000B0 D6=0000FFFF D7=00000001 xNzvc
00:875E  47 F9  LEA     ($0000877E),A3           A0=00063A90 A1=000411DC A2=FFFFC3B8 A3=00063B04 A4=00FF807A A5=00FF806E A6=0000A4A0 A7=FFFFFFF4 D0=00000000 D1=0000000A D2=0000000A D3=0000A0DA D4=2A1BB080 D5=000000B0 D6=0000FFFF D7=00000000 xnZvc
00:8764  38 39  MOVE.w  ($00FF89CC),D4           A0=00063A90 A1=000411DC A2=FFFFC3B8 A3=0000877E A4=00FF807A A5=00FF806E A6=0000A4A0 A7=FFFFFFF4 D0=00000000 D1=0000000A D2=0000000A D3=0000A0DA D4=2A1BB080 D5=000000B0 D6=0000FFFF D7=00000000 xnZvc
00:876A  7C 08  MOVEQ   #$08,D6                  A0=00063A90 A1=000411DC A2=FFFFC3B8 A3=0000877E A4=00FF807A A5=00FF806E A6=0000A4A0 A7=FFFFFFF4 D0=00000000 D1=0000000A D2=0000000A D3=0000A0DA D4=2A1B0000 D5=000000B0 D6=0000FFFF D7=00000000 xnZvc
00:876C  B8 53  CMP.W   (A3),D4                  A0=00063A90 A1=000411DC A2=FFFFC3B8 A3=0000877E A4=00FF807A A5=00FF806E A6=0000A4A0 A7=FFFFFFF4 D0=00000000 D1=0000000A D2=0000000A D3=0000A0DA D4=2A1B0000 D5=000000B0 D6=00000008 D7=00000000 xnzvc
00:876E  67 00  BEQ     #$000A [00:877A]         A0=00063A90 A1=000411DC A2=FFFFC3B8 A3=0000877E A4=00FF807A A5=00FF806E A6=0000A4A0 A7=FFFFFFF4 D0=00000000 D1=0000000A D2=0000000A D3=0000A0DA D4=2A1B0000 D5=000000B0 D6=00000008 D7=00000000 xnZvc
00:877A  7E 01  MOVEQ   #$01,D7                  A0=00063A90 A1=000411DC A2=FFFFC3B8 A3=0000877E A4=00FF807A A5=00FF806E A6=0000A4A0 A7=FFFFFFF4 D0=00000000 D1=0000000A D2=0000000A D3=0000A0DA D4=2A1B0000 D5=000000B0 D6=00000008 D7=00000000 xnZvc
00:877C  4E 75  RTS                              A0=00063A90 A1=000411DC A2=FFFFC3B8 A3=0000877E A4=00FF807A A5=00FF806E A6=0000A4A0 A7=FFFFFFF4 D0=00000000 D1=0000000A D2=0000000A D3=0000A0DA D4=2A1B0000 D5=000000B0 D6=00000008 D7=00000001 xnzvc
00:8734  4A 47  TST.W   D7                       A0=00063A90 A1=000411DC A2=FFFFC3B8 A3=0000877E A4=00FF807A A5=00FF806E A6=0000A4A0 A7=FFFFFFF8 D0=00000000 D1=0000000A D2=0000000A D3=0000A0DA D4=2A1B0000 D5=000000B0 D6=00000008 D7=00000001 xnzvc
00:8736  66 00  BNE     #$0014 [00:874C]         A0=00063A90 A1=000411DC A2=FFFFC3B8 A3=0000877E A4=00FF807A A5=00FF806E A6=0000A4A0 A7=FFFFFFF8 D0=00000000 D1=0000000A D2=0000000A D3=0000A0DA D4=2A1B0000 D5=000000B0 D6=00000008 D7=00000001 xnzvc
00:874C  46 FC  MOVE    #$2700,SR                A0=00063A90 A1=000411DC A2=FFFFC3B8 A3=0000877E A4=00FF807A A5=00FF806E A6=0000A4A0 A7=FFFFFFF8 D0=00000000 D1=0000000A D2=0000000A D3=0000A0DA D4=2A1B0000 D5=000000B0 D6=00000008 D7=00000001 xnzvc
00:8750  4E B9  JSR     ($0000094E)              A0=00063A90 A1=000411DC A2=FFFFC3B8 A3=0000877E A4=00FF807A A5=00FF806E A6=0000A4A0 A7=FFFFFFF8 D0=00000000 D1=0000000A D2=0000000A D3=0000A0DA D4=2A1B0000 D5=000000B0 D6=00000008 D7=00000001 xnzvc
00:094E  48 E7  MOVEM.L {d0-a7}[ff ff],-(A7)     A0=00063A90 A1=000411DC A2=FFFFC3B8 A3=0000877E A4=00FF807A A5=00FF806E A6=0000A4A0 A7=FFFFFFF4 D0=00000000 D1=0000000A D2=0000000A D3=0000A0DA D4=2A1B0000 D5=000000B0 D6=00000008 D7=00000001 xnzvc
00:0952  20 0A  MOVE.l  A2,D0                    A0=00063A90 A1=000411DC A2=FFFFC3B8 A3=0000877E A4=00FF807A A5=00FF806E A6=0000A4A0 A7=FFFFFFB4 D0=00000000 D1=0000000A D2=0000000A D3=0000A0DA D4=2A1B0000 D5=000000B0 D6=00000008 D7=00000001 xnzvc
00:0954  28 0A  MOVE.l  A2,D4                    A0=00063A90 A1=000411DC A2=FFFFC3B8 A3=0000877E A4=00FF807A A5=00FF806E A6=0000A4A0 A7=FFFFFFB4 D0=FFFFC3B8 D1=0000000A D2=0000000A D3=0000A0DA D4=2A1B0000 D5=000000B0 D6=00000008 D7=00000001 xNzvc
00:0956  02 40  ANDI.W  #$3FFF,D0                A0=00063A90 A1=000411DC A2=FFFFC3B8 A3=0000877E A4=00FF807A A5=00FF806E A6=0000A4A0 A7=FFFFFFB4 D0=FFFFC3B8 D1=0000000A D2=0000000A D3=0000A0DA D4=FFFFC3B8 D5=000000B0 D6=00000008 D7=00000001 xNzvc
00:095A  00 40  ORI.W   #$4000,D0                A0=00063A90 A1=000411DC A2=FFFFC3B8 A3=0000877E A4=00FF807A A5=00FF806E A6=0000A4A0 A7=FFFFFFB4 D0=FFFF03B8 D1=0000000A D2=0000000A D3=0000A0DA D4=FFFFC3B8 D5=000000B0 D6=00000008 D7=00000001 xnzvc
00:095E  48 40  SWAP.w  D0                       A0=00063A90 A1=000411DC A2=FFFFC3B8 A3=0000877E A4=00FF807A A5=00FF806E A6=0000A4A0 A7=FFFFFFB4 D0=FFFF43B8 D1=0000000A D2=0000000A D3=0000A0DA D4=FFFFC3B8 D5=000000B0 D6=00000008 D7=00000001 xnzvc
00:0960  E5 9C  ROL.L   #2,D4                    A0=00063A90 A1=000411DC A2=FFFFC3B8 A3=0000877E A4=00FF807A A5=00FF806E A6=0000A4A0 A7=FFFFFFB4 D0=43B8FFFF D1=0000000A D2=0000000A D3=0000A0DA D4=FFFFC3B8 D5=000000B0 D6=00000008 D7=00000001 xnzvc
00:0962  48 44  SWAP.w  D4                       A0=00063A90 A1=000411DC A2=FFFFC3B8 A3=0000877E A4=00FF807A A5=00FF806E A6=0000A4A0 A7=FFFFFFB4 D0=43B8FFFF D1=0000000A D2=0000000A D3=0000A0DA D4=FFFF0EE3 D5=000000B0 D6=00000008 D7=00000001 xNzvC
00:0964  02 44  ANDI.W  #$0003,D4                A0=00063A90 A1=000411DC A2=FFFFC3B8 A3=0000877E A4=00FF807A A5=00FF806E A6=0000A4A0 A7=FFFFFFB4 D0=43B8FFFF D1=0000000A D2=0000000A D3=0000A0DA D4=0EE3FFFF D5=000000B0 D6=00000008 D7=00000001 xnzvc
00:0968  30 04  MOVE.w  D4,D0                    A0=00063A90 A1=000411DC A2=FFFFC3B8 A3=0000877E A4=00FF807A A5=00FF806E A6=0000A4A0 A7=FFFFFFB4 D0=43B8FFFF D1=0000000A D2=0000000A D3=0000A0DA D4=0EE30003 D5=000000B0 D6=00000008 D7=00000001 xnzvc
00:096A  53 41  SUBQ.W  #1,D1                    A0=00063A90 A1=000411DC A2=FFFFC3B8 A3=0000877E A4=00FF807A A5=00FF806E A6=0000A4A0 A7=FFFFFFB4 D0=43B80003 D1=0000000A D2=0000000A D3=0000A0DA D4=0EE30003 D5=000000B0 D6=00000008 D7=00000001 xnzvc
00:096C  53 42  SUBQ.W  #1,D2                    A0=00063A90 A1=000411DC A2=FFFFC3B8 A3=0000877E A4=00FF807A A5=00FF806E A6=0000A4A0 A7=FFFFFFB4 D0=43B80003 D1=00000009 D2=0000000A D3=0000A0DA D4=0EE30003 D5=000000B0 D6=00000008 D7=00000001 xnzvc
00:096E  61 00  BSR     #$FFFFFCC0 [00:0630]     A0=00063A90 A1=000411DC A2=FFFFC3B8 A3=0000877E A4=00FF807A A5=00FF806E A6=0000A4A0 A7=FFFFFFB4 D0=43B80003 D1=00000009 D2=00000009 D3=0000A0DA D4=0EE30003 D5=000000B0 D6=00000008 D7=00000001 xnzvc
00:0630  45 F9  LEA     ($00C00004),A2           A0=00063A90 A1=000411DC A2=FFFFC3B8 A3=0000877E A4=00FF807A A5=00FF806E A6=0000A4A0 A7=FFFFFFB0 D0=43B80003 D1=00000009 D2=00000009 D3=0000A0DA D4=0EE30003 D5=000000B0 D6=00000008 D7=00000001 xnzvc
00:0636  47 F9  LEA     ($00C00000),A3           A0=00063A90 A1=000411DC A2=00C00004 A3=0000877E A4=00FF807A A5=00FF806E A6=0000A4A0 A7=FFFFFFB0 D0=43B80003 D1=00000009 D2=00000009 D3=0000A0DA D4=0EE30003 D5=000000B0 D6=00000008 D7=00000001 xnzvc
00:063C  2E 3C  MOVE.l  #$00800000,D7            A0=00063A90 A1=000411DC A2=00C00004 A3=00C00000 A4=00FF807A A5=00FF806E A6=0000A4A0 A7=FFFFFFB0 D0=43B80003 D1=00000009 D2=00000009 D3=0000A0DA D4=0EE30003 D5=000000B0 D6=00000008 D7=00000001 xnzvc
00:0642  24 80  MOVE.l  D0,(A2)                  A0=00063A90 A1=000411DC A2=00C00004 A3=00C00000 A4=00FF807A A5=00FF806E A6=0000A4A0 A7=FFFFFFB0 D0=43B80003 D1=00000009 D2=00000009 D3=0000A0DA D4=0EE30003 D5=000000B0 D6=00000008 D7=00800000 xnzvc
00:0644  38 01  MOVE.w  D1,D4                    A0=00063A90 A1=000411DC A2=00C00004 A3=00C00000 A4=00FF807A A5=00FF806E A6=0000A4A0 A7=FFFFFFB0 D0=43B80003 D1=00000009 D2=00000009 D3=0000A0DA D4=0EE30003 D5=000000B0 D6=00000008 D7=00800000 xnzvc
00:0646  3A 19  MOVE.w  (A1)+,D5                 A0=00063A90 A1=000411DC A2=00C00004 A3=00C00000 A4=00FF807A A5=00FF806E A6=0000A4A0 A7=FFFFFFB0 D0=43B80003 D1=00000009 D2=00000009 D3=0000A0DA D4=0EE30009 D5=000000B0 D6=00000008 D7=00800000 xnzvc
00:0648  67 00  BEQ     #$0004 [00:064E]         A0=00063A90 A1=000411DE A2=00C00004 A3=00C00000 A4=00FF807A A5=00FF806E A6=0000A4A0 A7=FFFFFFB0 D0=43B80003 D1=00000009 D2=00000009 D3=0000A0DA D4=0EE30009 D5=0000E001 D6=00000008 D7=00800000 xNzvc
00:064C  DA 43  ADD.W   D3,D5                    A0=00063A90 A1=000411DE A2=00C00004 A3=00C00000 A4=00FF807A A5=00FF806E A6=0000A4A0 A7=FFFFFFB0 D0=43B80003 D1=00000009 D2=00000009 D3=0000A0DA D4=0EE30009 D5=0000E001 D6=00000008 D7=00800000 xNzvc
00:064E  36 85  MOVE.w  D5,(A3)                  A0=00063A90 A1=000411DE A2=00C00004 A3=00C00000 A4=00FF807A A5=00FF806E A6=0000A4A0 A7=FFFFFFB0 D0=43B80003 D1=00000009 D2=00000009 D3=0000A0DA D4=0EE30009 D5=000080DB D6=00000008 D7=00800000 XNzvC
00:0650  51 CC  DBFa    D4,#$FFF4 [00:0646]      A0=00063A90 A1=000411DE A2=00C00004 A3=00C00000 A4=00FF807A A5=00FF806E A6=0000A4A0 A7=FFFFFFB0 D0=43B80003 D1=00000009 D2=00000009 D3=0000A0DA D4=0EE30009 D5=000080DB D6=00000008 D7=00800000 XNzvc
00:0654  D0 87  ADD.L   D7,D0                    A0=00063A90 A1=000411F0 A2=00C00004 A3=00C00000 A4=00FF807A A5=00FF806E A6=0000A4A0 A7=FFFFFFB0 D0=43B80003 D1=00000009 D2=00000009 D3=0000A0DA D4=0EE3FFFF D5=000080DB D6=00000008 D7=00800000 XNzvc
00:0656  51 CA  DBFa    D2,#$FFEA [00:0642]      A0=00063A90 A1=000411F0 A2=00C00004 A3=00C00000 A4=00FF807A A5=00FF806E A6=0000A4A0 A7=FFFFFFB0 D0=44380003 D1=00000009 D2=00000009 D3=0000A0DA D4=0EE3FFFF D5=000080DB D6=00000008 D7=00800000 xnzvc
00:065A  4E 75  RTS                              A0=00063A90 A1=000412A4 A2=00C00004 A3=00C00000 A4=00FF807A A5=00FF806E A6=0000A4A0 A7=FFFFFFB0 D0=48B80003 D1=00000009 D2=0000FFFF D3=0000A0DA D4=0EE3FFFF D5=0000A121 D6=00000008 D7=00800000 xnzvc
00:0972  4C DF  MOVEM.L (A7)+,{a7-d0}[ff ff]     A0=00063A90 A1=000412A4 A2=00C00004 A3=00C00000 A4=00FF807A A5=00FF806E A6=0000A4A0 A7=FFFFFFB4 D0=48B80003 D1=00000009 D2=0000FFFF D3=0000A0DA D4=0EE3FFFF D5=0000A121 D6=00000008 D7=00800000 xnzvc
00:0976  4E 75  RTS                              A0=00063A90 A1=000411DC A2=FFFFC3B8 A3=0000877E A4=00FF807A A5=00FF806E A6=0000A4A0 A7=FFFFFFF4 D0=00000000 D1=0000000A D2=0000000A D3=0000A0DA D4=2A1B0000 D5=000000B0 D6=00000008 D7=00000001 xnzvc
00:8756  46 FC  MOVE    #$2300,SR                A0=00063A90 A1=000411DC A2=FFFFC3B8 A3=0000877E A4=00FF807A A5=00FF806E A6=0000A4A0 A7=FFFFFFF8 D0=00000000 D1=0000000A D2=0000000A D3=0000A0DA D4=2A1B0000 D5=000000B0 D6=00000008 D7=00000001 xnzvc
00:875A  4E 75  RTS                              A0=00063A90 A1=000411DC A2=FFFFC3B8 A3=0000877E A4=00FF807A A5=00FF806E A6=0000A4A0 A7=FFFFFFF8 D0=00000000 D1=0000000A D2=0000000A D3=0000A0DA D4=2A1B0000 D5=000000B0 D6=00000008 D7=00000001 xnzvc
00:87A6  32 39  MOVE.w  ($00FF89CC),D1           A0=00063A90 A1=000411DC A2=FFFFC3B8 A3=0000877E A4=00FF807A A5=00FF806E A6=0000A4A0 A7=FFFFFFFC D0=00000000 D1=0000000A D2=0000000A D3=0000A0DA D4=2A1B0000 D5=000000B0 D6=00000008 D7=00000001 xnzvc
00:87AC  B2 7C  CMP.W   #$000E,D1                A0=00063A90 A1=000411DC A2=FFFFC3B8 A3=0000877E A4=00FF807A A5=00FF806E A6=0000A4A0 A7=FFFFFFFC D0=00000000 D1=00000000 D2=0000000A D3=0000A0DA D4=2A1B0000 D5=000000B0 D6=00000008 D7=00000001 xnZvc
00:87B0  64 00  BCC     #$000C [00:87BE]         A0=00063A90 A1=000411DC A2=FFFFC3B8 A3=0000877E A4=00FF807A A5=00FF806E A6=0000A4A0 A7=FFFFFFFC D0=00000000 D1=00000000 D2=0000000A D3=0000A0DA D4=2A1B0000 D5=000000B0 D6=00000008 D7=00000001 xNzvC
00:87B4  41 F9  LEA     ($00FF81A8),A0           A0=00063A90 A1=000411DC A2=FFFFC3B8 A3=0000877E A4=00FF807A A5=00FF806E A6=0000A4A0 A7=FFFFFFFC D0=00000000 D1=00000000 D2=0000000A D3=0000A0DA D4=2A1B0000 D5=000000B0 D6=00000008 D7=00000001 xNzvC
00:87BA  60 00  BRA     #$007C [00:8838]         A0=00FF81A8 A1=000411DC A2=FFFFC3B8 A3=0000877E A4=00FF807A A5=00FF806E A6=0000A4A0 A7=FFFFFFFC D0=00000000 D1=00000000 D2=0000000A D3=0000A0DA D4=2A1B0000 D5=000000B0 D6=00000008 D7=00000001 xNzvC
00:8838  22 48  MOVE.l  A0,A1                    A0=00FF81A8 A1=000411DC A2=FFFFC3B8 A3=0000877E A4=00FF807A A5=00FF806E A6=0000A4A0 A7=FFFFFFFC D0=00000000 D1=00000000 D2=0000000A D3=0000A0DA D4=2A1B0000 D5=000000B0 D6=00000008 D7=00000001 xNzvC
00:883A  7E 05  MOVEQ   #$05,D7                  A0=00FF81A8 A1=00FF81A8 A2=FFFFC3B8 A3=0000877E A4=00FF807A A5=00FF806E A6=0000A4A0 A7=FFFFFFFC D0=00000000 D1=00000000 D2=0000000A D3=0000A0DA D4=2A1B0000 D5=000000B0 D6=00000008 D7=00000001 xNzvC
00:883C  42 99  CLR.L   (A1)+                    A0=00FF81A8 A1=00FF81A8 A2=FFFFC3B8 A3=0000877E A4=00FF807A A5=00FF806E A6=0000A4A0 A7=FFFFFFFC D0=00000000 D1=00000000 D2=0000000A D3=0000A0DA D4=2A1B0000 D5=000000B0 D6=00000008 D7=00000005 xnzvc
00:883E  51 CF  DBFa    D7,#$FFFC [00:883C]      A0=00FF81A8 A1=00FF81AC A2=FFFFC3B8 A3=0000877E A4=00FF807A A5=00FF806E A6=0000A4A0 A7=FFFFFFFC D0=00000000 D1=00000000 D2=0000000A D3=0000A0DA D4=2A1B0000 D5=000000B0 D6=00000008 D7=00000005 xnZvc
00:8842  30 39  MOVE.w  ($00FF89CC),D0           A0=00FF81A8 A1=00FF81C0 A2=FFFFC3B8 A3=0000877E A4=00FF807A A5=00FF806E A6=0000A4A0 A7=FFFFFFFC D0=00000000 D1=00000000 D2=0000000A D3=0000A0DA D4=2A1B0000 D5=000000B0 D6=00000008 D7=0000FFFF xnZvc
00:8848  B0 7C  CMP.W   #$FFFF,D0                A0=00FF81A8 A1=00FF81C0 A2=FFFFC3B8 A3=0000877E A4=00FF807A A5=00FF806E A6=0000A4A0 A7=FFFFFFFC D0=00000000 D1=00000000 D2=0000000A D3=0000A0DA D4=2A1B0000 D5=000000B0 D6=00000008 D7=0000FFFF xnZvc
00:884C  67 00  BEQ     #$0064 [00:88B2]         A0=00FF81A8 A1=00FF81C0 A2=FFFFC3B8 A3=0000877E A4=00FF807A A5=00FF806E A6=0000A4A0 A7=FFFFFFFC D0=00000000 D1=00000000 D2=0000000A D3=0000A0DA D4=2A1B0000 D5=000000B0 D6=00000008 D7=0000FFFF xnzvC
00:8850  43 F9  LEA     ($00063BA8),A1           A0=00FF81A8 A1=00FF81C0 A2=FFFFC3B8 A3=0000877E A4=00FF807A A5=00FF806E A6=0000A4A0 A7=FFFFFFFC D0=00000000 D1=00000000 D2=0000000A D3=0000A0DA D4=2A1B0000 D5=000000B0 D6=00000008 D7=0000FFFF xnzvC
00:8856  43 F1  LEA     $00(A1,D0),A1            A0=00FF81A8 A1=00063BA8 A2=FFFFC3B8 A3=0000877E A4=00FF807A A5=00FF806E A6=0000A4A0 A7=FFFFFFFC D0=00000000 D1=00000000 D2=0000000A D3=0000A0DA D4=2A1B0000 D5=000000B0 D6=00000008 D7=0000FFFF xnzvC
00:885A  38 11  MOVE.w  (A1),D4                  A0=00FF81A8 A1=00063BA8 A2=FFFFC3B8 A3=0000877E A4=00FF807A A5=00FF806E A6=0000A4A0 A7=FFFFFFFC D0=00000000 D1=00000000 D2=0000000A D3=0000A0DA D4=2A1B0000 D5=000000B0 D6=00000008 D7=0000FFFF xnzvC
00:885C  4E B9  JSR     ($00000FCC)              A0=00FF81A8 A1=00063BA8 A2=FFFFC3B8 A3=0000877E A4=00FF807A A5=00FF806E A6=0000A4A0 A7=FFFFFFFC D0=00000000 D1=00000000 D2=0000000A D3=0000A0DA D4=2A1B0000 D5=000000B0 D6=00000008 D7=0000FFFF xnZvc
00:8862  3E 3C  MOVE.w  #$00FF,D7                A0=00FF81A8 A1=00063BA8 A2=FFFFC3B8 A3=0000877E A4=00FF807A A5=00FF806E A6=0000A4A0 A7=FFFFFFFC D0=00000000 D1=00000000 D2=0000000A D3=0000A0DA D4=2A1B0000 D5=00000000 D6=00000000 D7=0000FFFF xnZvc
00:8866  BA 47  CMP.W   D7,D5                    A0=00FF81A8 A1=00063BA8 A2=FFFFC3B8 A3=0000877E A4=00FF807A A5=00FF806E A6=0000A4A0 A7=FFFFFFFC D0=00000000 D1=00000000 D2=0000000A D3=0000A0DA D4=2A1B0000 D5=00000000 D6=00000000 D7=000000FF xnzvc
00:8868  66 00  BNE     #$000A [00:8874]         A0=00FF81A8 A1=00063BA8 A2=FFFFC3B8 A3=0000877E A4=00FF807A A5=00FF806E A6=0000A4A0 A7=FFFFFFFC D0=00000000 D1=00000000 D2=0000000A D3=0000A0DA D4=2A1B0000 D5=00000000 D6=00000000 D7=000000FF xNzvC
00:8874  43 F9  LEA     ($00063BE0),A1           A0=00FF81A8 A1=00063BA8 A2=FFFFC3B8 A3=0000877E A4=00FF807A A5=00FF806E A6=0000A4A0 A7=FFFFFFFC D0=00000000 D1=00000000 D2=0000000A D3=0000A0DA D4=2A1B0000 D5=00000000 D6=00000000 D7=000000FF xNzvC
00:887A  43 F1  LEA     $00(A1,D5),A1            A0=00FF81A8 A1=00063BE0 A2=FFFFC3B8 A3=0000877E A4=00FF807A A5=00FF806E A6=0000A4A0 A7=FFFFFFFC D0=00000000 D1=00000000 D2=0000000A D3=0000A0DA D4=2A1B0000 D5=00000000 D6=00000000 D7=000000FF xNzvC
00:887E  30 D9  MOVE.w  (A1)+,(A0)+              A0=00FF81A8 A1=00063BE0 A2=FFFFC3B8 A3=0000877E A4=00FF807A A5=00FF806E A6=0000A4A0 A7=FFFFFFFC D0=00000000 D1=00000000 D2=0000000A D3=0000A0DA D4=2A1B0000 D5=00000000 D6=00000000 D7=000000FF xNzvC
00:8880  22 3C  MOVE.l  #$00063C62,D1            A0=00FF81AA A1=00063BE2 A2=FFFFC3B8 A3=0000877E A4=00FF807A A5=00FF806E A6=0000A4A0 A7=FFFFFFFC D0=00000000 D1=00000000 D2=0000000A D3=0000A0DA D4=2A1B0000 D5=00000000 D6=00000000 D7=000000FF xnzvc
00:8886  D2 59  ADD.W   (A1)+,D1                 A0=00FF81AA A1=00063BE2 A2=FFFFC3B8 A3=0000877E A4=00FF807A A5=00FF806E A6=0000A4A0 A7=FFFFFFFC D0=00000000 D1=00063C62 D2=0000000A D3=0000A0DA D4=2A1B0000 D5=00000000 D6=00000000 D7=000000FF xnzvc
00:8888  20 C1  MOVE.l  D1,(A0)+                 A0=00FF81AA A1=00063BE4 A2=FFFFC3B8 A3=0000877E A4=00FF807A A5=00FF806E A6=0000A4A0 A7=FFFFFFFC D0=00000000 D1=00063C62 D2=0000000A D3=0000A0DA D4=2A1B0000 D5=00000000 D6=00000000 D7=000000FF xnzvc
00:888A  30 D9  MOVE.w  (A1)+,(A0)+              A0=00FF81AE A1=00063BE4 A2=FFFFC3B8 A3=0000877E A4=00FF807A A5=00FF806E A6=0000A4A0 A7=FFFFFFFC D0=00000000 D1=00063C62 D2=0000000A D3=0000A0DA D4=2A1B0000 D5=00000000 D6=00000000 D7=000000FF xnzvc
00:888C  30 D9  MOVE.w  (A1)+,(A0)+              A0=00FF81B0 A1=00063BE6 A2=FFFFC3B8 A3=0000877E A4=00FF807A A5=00FF806E A6=0000A4A0 A7=FFFFFFFC D0=00000000 D1=00063C62 D2=0000000A D3=0000A0DA D4=2A1B0000 D5=00000000 D6=00000000 D7=000000FF xNzvc
00:888E  30 D1  MOVE.w  (A1),(A0)+               A0=00FF81B2 A1=00063BE8 A2=FFFFC3B8 A3=0000877E A4=00FF807A A5=00FF806E A6=0000A4A0 A7=FFFFFFFC D0=00000000 D1=00063C62 D2=0000000A D3=0000A0DA D4=2A1B0000 D5=00000000 D6=00000000 D7=000000FF xnzvc
00:8890  BC 47  CMP.W   D7,D6                    A0=00FF81B4 A1=00063BE8 A2=FFFFC3B8 A3=0000877E A4=00FF807A A5=00FF806E A6=0000A4A0 A7=FFFFFFFC D0=00000000 D1=00063C62 D2=0000000A D3=0000A0DA D4=2A1B0000 D5=00000000 D6=00000000 D7=000000FF xnzvc
00:8892  67 00  BEQ     #$001E [00:88B2]         A0=00FF81B4 A1=00063BE8 A2=FFFFC3B8 A3=0000877E A4=00FF807A A5=00FF806E A6=0000A4A0 A7=FFFFFFFC D0=00000000 D1=00063C62 D2=0000000A D3=0000A0DA D4=2A1B0000 D5=00000000 D6=00000000 D7=000000FF xNzvC
00:8896  43 F9  LEA     ($00063C9A),A1           A0=00FF81B4 A1=00063BE8 A2=FFFFC3B8 A3=0000877E A4=00FF807A A5=00FF806E A6=0000A4A0 A7=FFFFFFFC D0=00000000 D1=00063C62 D2=0000000A D3=0000A0DA D4=2A1B0000 D5=00000000 D6=00000000 D7=000000FF xNzvC
00:889C  43 F1  LEA     $00(A1,D6),A1            A0=00FF81B4 A1=00063C9A A2=FFFFC3B8 A3=0000877E A4=00FF807A A5=00FF806E A6=0000A4A0 A7=FFFFFFFC D0=00000000 D1=00063C62 D2=0000000A D3=0000A0DA D4=2A1B0000 D5=00000000 D6=00000000 D7=000000FF xNzvC
00:88A0  30 D9  MOVE.w  (A1)+,(A0)+              A0=00FF81B4 A1=00063C9A A2=FFFFC3B8 A3=0000877E A4=00FF807A A5=00FF806E A6=0000A4A0 A7=FFFFFFFC D0=00000000 D1=00063C62 D2=0000000A D3=0000A0DA D4=2A1B0000 D5=00000000 D6=00000000 D7=000000FF xNzvC
00:88A2  22 3C  MOVE.l  #$00063D44,D1            A0=00FF81B6 A1=00063C9C A2=FFFFC3B8 A3=0000877E A4=00FF807A A5=00FF806E A6=0000A4A0 A7=FFFFFFFC D0=00000000 D1=00063C62 D2=0000000A D3=0000A0DA D4=2A1B0000 D5=00000000 D6=00000000 D7=000000FF xnzvc
00:88A8  D2 59  ADD.W   (A1)+,D1                 A0=00FF81B6 A1=00063C9C A2=FFFFC3B8 A3=0000877E A4=00FF807A A5=00FF806E A6=0000A4A0 A7=FFFFFFFC D0=00000000 D1=00063D44 D2=0000000A D3=0000A0DA D4=2A1B0000 D5=00000000 D6=00000000 D7=000000FF xnzvc
00:88AA  20 C1  MOVE.l  D1,(A0)+                 A0=00FF81B6 A1=00063C9E A2=FFFFC3B8 A3=0000877E A4=00FF807A A5=00FF806E A6=0000A4A0 A7=FFFFFFFC D0=00000000 D1=00063D44 D2=0000000A D3=0000A0DA D4=2A1B0000 D5=00000000 D6=00000000 D7=000000FF xnzvc
00:88AC  30 D9  MOVE.w  (A1)+,(A0)+              A0=00FF81BA A1=00063C9E A2=FFFFC3B8 A3=0000877E A4=00FF807A A5=00FF806E A6=0000A4A0 A7=FFFFFFFC D0=00000000 D1=00063D44 D2=0000000A D3=0000A0DA D4=2A1B0000 D5=00000000 D6=00000000 D7=000000FF xnzvc
00:88AE  30 D9  MOVE.w  (A1)+,(A0)+              A0=00FF81BC A1=00063CA0 A2=FFFFC3B8 A3=0000877E A4=00FF807A A5=00FF806E A6=0000A4A0 A7=FFFFFFFC D0=00000000 D1=00063D44 D2=0000000A D3=0000A0DA D4=2A1B0000 D5=00000000 D6=00000000 D7=000000FF xNzvc
00:88B0  30 91  MOVE.w  (A1),(A0)                A0=00FF81BE A1=00063CA2 A2=FFFFC3B8 A3=0000877E A4=00FF807A A5=00FF806E A6=0000A4A0 A7=FFFFFFFC D0=00000000 D1=00063D44 D2=0000000A D3=0000A0DA D4=2A1B0000 D5=00000000 D6=00000000 D7=000000FF xnzvc
00:88B2  4E 75  RTS                              A0=00FF81BE A1=00063CA2 A2=FFFFC3B8 A3=0000877E A4=00FF807A A5=00FF806E A6=0000A4A0 A7=FFFFFFFC D0=00000000 D1=00063D44 D2=0000000A D3=0000A0DA D4=2A1B0000 D5=00000000 D6=00000000 D7=000000FF xnzvc
